#
# There is insufficient memory for the Java Runtime Environment to continue.
# Native memory allocation (malloc) failed to allocate 32744 bytes for ChunkPool::allocate
# Possible reasons:
#   The system is out of physical RAM or swap space
#   The process is running with CompressedOops enabled, and the Java Heap may be blocking the growth of the native heap
# Possible solutions:
#   Reduce memory load on the system
#   Increase physical memory or swap space
#   Check if swap backing store is full
#   Decrease Java heap size (-Xmx/-Xms)
#   Decrease number of Java threads
#   Decrease Java thread stack sizes (-Xss)
#   Set larger code cache with -XX:ReservedCodeCacheSize=
#   JVM is running with Unscaled Compressed Oops mode in which the Java heap is
#     placed in the first 4GB address space. The Java Heap base address is the
#     maximum limit for the native heap growth. Please use -XX:HeapBaseMinAddress
#     to set the Java Heap base and to place the Java Heap above 4GB virtual address.
# This output file may be truncated or incomplete.
#
#  Out of Memory Error (allocation.cpp:272), pid=45448, tid=0x000000000000b2c0
#
# JRE version: Java(TM) SE Runtime Environment (8.0_202-b08) (build 1.8.0_202-b08)
# Java VM: Java HotSpot(TM) 64-Bit Server VM (25.202-b08 mixed mode windows-amd64 compressed oops)
# Failed to write core dump. Minidumps are not enabled by default on client versions of Windows
#

---------------  T H R E A D  ---------------

Current thread (0x0000000016ed9000):  JavaThread "C2 CompilerThread1" daemon [_thread_in_native, id=45760, stack(0x00000000185e0000,0x00000000186e0000)]

Stack: [0x00000000185e0000,0x00000000186e0000]
[error occurred during error reporting (printing stack bounds), id 0xc0000005]

Native frames: (J=compiled Java code, j=interpreted, Vv=VM code, C=native code)


Current CompileTask:
C2: 744244 3121       4       org.openqa.selenium.remote.http.HttpMessage::getHeaders (57 bytes)


---------------  P R O C E S S  ---------------

Java Threads: ( => current thread )
  0x000000001938e800 JavaThread "Okio Watchdog" daemon [_thread_blocked, id=20596, stack(0x000000001a720000,0x000000001a820000)]
  0x0000000019340800 JavaThread "OkHttp ConnectionPool" daemon [_thread_blocked, id=46108, stack(0x000000001a620000,0x000000001a720000)]
  0x0000000019212800 JavaThread "Exec Stream Pumper" daemon [_thread_in_native, id=38232, stack(0x000000001a020000,0x000000001a120000)]
  0x00000000192bf000 JavaThread "Exec Stream Pumper" daemon [_thread_in_native, id=7996, stack(0x0000000019f20000,0x000000001a020000)]
  0x00000000192b7000 JavaThread "Exec Default Executor" daemon [_thread_in_native, id=20592, stack(0x0000000019c20000,0x0000000019d20000)]
  0x00000000188bc000 JavaThread "ReaderThread" [_thread_in_Java, id=46240, stack(0x0000000018de0000,0x0000000018ee0000)]
  0x00000000186e8800 JavaThread "Service Thread" daemon [_thread_blocked, id=39684, stack(0x0000000018be0000,0x0000000018ce0000)]
  0x00000000186e4800 JavaThread "C1 CompilerThread2" daemon [_thread_blocked, id=42812, stack(0x0000000018ae0000,0x0000000018be0000)]
=>0x0000000016ed9000 JavaThread "C2 CompilerThread1" daemon [_thread_in_native, id=45760, stack(0x00000000185e0000,0x00000000186e0000)]
  0x0000000016e89000 JavaThread "C2 CompilerThread0" daemon [_thread_in_native, id=46896, stack(0x00000000184e0000,0x00000000185e0000)]
  0x0000000016e87000 JavaThread "Attach Listener" daemon [_thread_blocked, id=46388, stack(0x00000000183e0000,0x00000000184e0000)]
  0x0000000016e86000 JavaThread "Signal Dispatcher" daemon [_thread_blocked, id=46428, stack(0x00000000182e0000,0x00000000183e0000)]
  0x0000000002386000 JavaThread "Finalizer" daemon [_thread_blocked, id=46352, stack(0x00000000180d0000,0x00000000181d0000)]
  0x0000000002383000 JavaThread "Reference Handler" daemon [_thread_blocked, id=45584, stack(0x0000000017fd0000,0x00000000180d0000)]
  0x00000000020be800 JavaThread "main" [_thread_in_Java, id=25892, stack(0x0000000002190000,0x0000000002290000)]

Other Threads:
  0x0000000016e47000 VMThread [stack: 0x0000000017ed0000,0x0000000017fd0000] [id=45920]
  0x0000000018703000 WatcherThread [stack: 0x0000000018ce0000,0x0000000018de0000] [id=46520]

VM state:not at safepoint (normal execution)

VM Mutex/Monitor currently owned by a thread: None

heap address: 0x0000000082000000, size: 2016 MB, Compressed Oops mode: 32-bit
Narrow klass base: 0x0000000000000000, Narrow klass shift: 3
Compressed class space size: 1073741824 Address: 0x0000000100000000

Heap:
 PSYoungGen      total 404992K, used 65184K [0x00000000d6000000, 0x00000000ef100000, 0x0000000100000000)
  eden space 399360K, 16% used [0x00000000d6000000,0x00000000d9f982f0,0x00000000ee600000)
  from space 5632K, 1% used [0x00000000eeb80000,0x00000000eeb90000,0x00000000ef100000)
  to   space 5632K, 0% used [0x00000000ee600000,0x00000000ee600000,0x00000000eeb80000)
 ParOldGen       total 86016K, used 6000K [0x0000000082000000, 0x0000000087400000, 0x00000000d6000000)
  object space 86016K, 6% used [0x0000000082000000,0x00000000825dc3f8,0x0000000087400000)
 Metaspace       used 15816K, capacity 16636K, committed 16768K, reserved 1064960K
  class space    used 1882K, capacity 2084K, committed 2176K, reserved 1048576K

Card table byte_map: [0x0000000011750000,0x0000000011b50000] byte_map_base: 0x0000000011340000

Marking Bits: (ParMarkBitMap*) 0x000000006dbd5ce0
 Begin Bits: [0x00000000121f0000, 0x0000000014170000)
 End Bits:   [0x0000000014170000, 0x00000000160f0000)

Polling page: 0x0000000000830000

CodeCache: size=245760Kb used=8877Kb max_used=8886Kb free=236882Kb
 bounds [0x0000000002390000, 0x0000000002c60000, 0x0000000011390000]
 total_blobs=3087 nmethods=2685 adapters=314
 compilation: enabled

Compilation events (10 events):
Event: 712.977 Thread 0x0000000016e89000 3117       4       okio.Buffer::skip (113 bytes)
Event: 713.063 Thread 0x0000000016ed9000 nmethod 3116 0x00000000028f6110 code [0x00000000028f6260, 0x00000000028f6318]
Event: 713.066 Thread 0x0000000016e89000 nmethod 3117 0x00000000028cc350 code [0x00000000028cc480, 0x00000000028cc578]
Event: 716.537 Thread 0x0000000016ed9000 3118       4       java.util.stream.Collectors$$Lambda$189/251210093::accept (11 bytes)
Event: 716.637 Thread 0x0000000016ed9000 nmethod 3118 0x00000000028ed410 code [0x00000000028ed560, 0x00000000028ed8b8]
Event: 733.900 Thread 0x0000000016e89000 3119       4       org.openqa.selenium.json.JsonInput::hasNext (97 bytes)
Event: 734.362 Thread 0x0000000016ed9000 3120       4       com.google.common.collect.AbstractMapBasedMultiset$2::hasNext (10 bytes)
Event: 734.515 Thread 0x0000000016ed9000 nmethod 3120 0x000000000294b010 code [0x000000000294b160, 0x000000000294b1f8]
Event: 734.820 Thread 0x0000000016e89000 nmethod 3119 0x0000000002c51190 code [0x0000000002c51500, 0x0000000002c51cc8]
Event: 742.819 Thread 0x0000000016ed9000 3121       4       org.openqa.selenium.remote.http.HttpMessage::getHeaders (57 bytes)

GC Heap History (10 events):
Event: 532.066 GC heap before
{Heap before GC invocations=20 (full 0):
 PSYoungGen      total 290816K, used 284288K [0x00000000d6000000, 0x00000000e8280000, 0x0000000100000000)
  eden space 284160K, 100% used [0x00000000d6000000,0x00000000e7580000,0x00000000e7580000)
  from space 6656K, 1% used [0x00000000e7580000,0x00000000e75a0000,0x00000000e7c00000)
  to   space 6144K, 0% used [0x00000000e7c80000,0x00000000e7c80000,0x00000000e8280000)
 ParOldGen       total 86016K, used 5960K [0x0000000082000000, 0x0000000087400000, 0x00000000d6000000)
  object space 86016K, 6% used [0x0000000082000000,0x00000000825d23f8,0x0000000087400000)
 Metaspace       used 15815K, capacity 16636K, committed 16768K, reserved 1064960K
  class space    used 1882K, capacity 2084K, committed 2176K, reserved 1048576K
Event: 545.174 GC heap after
Heap after GC invocations=20 (full 0):
 PSYoungGen      total 291328K, used 128K [0x00000000d6000000, 0x00000000ef080000, 0x0000000100000000)
  eden space 285184K, 0% used [0x00000000d6000000,0x00000000d6000000,0x00000000e7680000)
  from space 6144K, 2% used [0x00000000e7c80000,0x00000000e7ca0000,0x00000000e8280000)
  to   space 6144K, 0% used [0x00000000e7680000,0x00000000e7680000,0x00000000e7c80000)
 ParOldGen       total 86016K, used 5968K [0x0000000082000000, 0x0000000087400000, 0x00000000d6000000)
  object space 86016K, 6% used [0x0000000082000000,0x00000000825d43f8,0x0000000087400000)
 Metaspace       used 15815K, capacity 16636K, committed 16768K, reserved 1064960K
  class space    used 1882K, capacity 2084K, committed 2176K, reserved 1048576K
}
Event: 561.572 GC heap before
{Heap before GC invocations=21 (full 0):
 PSYoungGen      total 291328K, used 285312K [0x00000000d6000000, 0x00000000ef080000, 0x0000000100000000)
  eden space 285184K, 100% used [0x00000000d6000000,0x00000000e7680000,0x00000000e7680000)
  from space 6144K, 2% used [0x00000000e7c80000,0x00000000e7ca0000,0x00000000e8280000)
  to   space 6144K, 0% used [0x00000000e7680000,0x00000000e7680000,0x00000000e7c80000)
 ParOldGen       total 86016K, used 5968K [0x0000000082000000, 0x0000000087400000, 0x00000000d6000000)
  object space 86016K, 6% used [0x0000000082000000,0x00000000825d43f8,0x0000000087400000)
 Metaspace       used 15816K, capacity 16636K, committed 16768K, reserved 1064960K
  class space    used 1882K, capacity 2084K, committed 2176K, reserved 1048576K
Event: 562.544 GC heap after
Heap after GC invocations=21 (full 0):
 PSYoungGen      total 291328K, used 64K [0x00000000d6000000, 0x00000000ef100000, 0x0000000100000000)
  eden space 285184K, 0% used [0x00000000d6000000,0x00000000d6000000,0x00000000e7680000)
  from space 6144K, 1% used [0x00000000e7680000,0x00000000e7690000,0x00000000e7c80000)
  to   space 5632K, 0% used [0x00000000eeb80000,0x00000000eeb80000,0x00000000ef100000)
 ParOldGen       total 86016K, used 5976K [0x0000000082000000, 0x0000000087400000, 0x00000000d6000000)
  object space 86016K, 6% used [0x0000000082000000,0x00000000825d63f8,0x0000000087400000)
 Metaspace       used 15816K, capacity 16636K, committed 16768K, reserved 1064960K
  class space    used 1882K, capacity 2084K, committed 2176K, reserved 1048576K
}
Event: 594.428 GC heap before
{Heap before GC invocations=22 (full 0):
 PSYoungGen      total 291328K, used 285248K [0x00000000d6000000, 0x00000000ef100000, 0x0000000100000000)
  eden space 285184K, 100% used [0x00000000d6000000,0x00000000e7680000,0x00000000e7680000)
  from space 6144K, 1% used [0x00000000e7680000,0x00000000e7690000,0x00000000e7c80000)
  to   space 5632K, 0% used [0x00000000eeb80000,0x00000000eeb80000,0x00000000ef100000)
 ParOldGen       total 86016K, used 5976K [0x0000000082000000, 0x0000000087400000, 0x00000000d6000000)
  object space 86016K, 6% used [0x0000000082000000,0x00000000825d63f8,0x0000000087400000)
 Metaspace       used 15816K, capacity 16636K, committed 16768K, reserved 1064960K
  class space    used 1882K, capacity 2084K, committed 2176K, reserved 1048576K
Event: 596.378 GC heap after
Heap after GC invocations=22 (full 0):
 PSYoungGen      total 404992K, used 64K [0x00000000d6000000, 0x00000000ef100000, 0x0000000100000000)
  eden space 399360K, 0% used [0x00000000d6000000,0x00000000d6000000,0x00000000ee600000)
  from space 5632K, 1% used [0x00000000eeb80000,0x00000000eeb90000,0x00000000ef100000)
  to   space 5632K, 0% used [0x00000000ee600000,0x00000000ee600000,0x00000000eeb80000)
 ParOldGen       total 86016K, used 5976K [0x0000000082000000, 0x0000000087400000, 0x00000000d6000000)
  object space 86016K, 6% used [0x0000000082000000,0x00000000825d63f8,0x0000000087400000)
 Metaspace       used 15816K, capacity 16636K, committed 16768K, reserved 1064960K
  class space    used 1882K, capacity 2084K, committed 2176K, reserved 1048576K
}
Event: 657.839 GC heap before
{Heap before GC invocations=23 (full 0):
 PSYoungGen      total 404992K, used 399424K [0x00000000d6000000, 0x00000000ef100000, 0x0000000100000000)
  eden space 399360K, 100% used [0x00000000d6000000,0x00000000ee600000,0x00000000ee600000)
  from space 5632K, 1% used [0x00000000eeb80000,0x00000000eeb90000,0x00000000ef100000)
  to   space 5632K, 0% used [0x00000000ee600000,0x00000000ee600000,0x00000000eeb80000)
 ParOldGen       total 86016K, used 5976K [0x0000000082000000, 0x0000000087400000, 0x00000000d6000000)
  object space 86016K, 6% used [0x0000000082000000,0x00000000825d63f8,0x0000000087400000)
 Metaspace       used 15816K, capacity 16636K, committed 16768K, reserved 1064960K
  class space    used 1882K, capacity 2084K, committed 2176K, reserved 1048576K
Event: 659.770 GC heap after
Heap after GC invocations=23 (full 0):
 PSYoungGen      total 404992K, used 32K [0x00000000d6000000, 0x00000000ef100000, 0x0000000100000000)
  eden space 399360K, 0% used [0x00000000d6000000,0x00000000d6000000,0x00000000ee600000)
  from space 5632K, 0% used [0x00000000ee600000,0x00000000ee608000,0x00000000eeb80000)
  to   space 5632K, 0% used [0x00000000eeb80000,0x00000000eeb80000,0x00000000ef100000)
 ParOldGen       total 86016K, used 5992K [0x0000000082000000, 0x0000000087400000, 0x00000000d6000000)
  object space 86016K, 6% used [0x0000000082000000,0x00000000825da3f8,0x0000000087400000)
 Metaspace       used 15816K, capacity 16636K, committed 16768K, reserved 1064960K
  class space    used 1882K, capacity 2084K, committed 2176K, reserved 1048576K
}
Event: 722.165 GC heap before
{Heap before GC invocations=24 (full 0):
 PSYoungGen      total 404992K, used 399392K [0x00000000d6000000, 0x00000000ef100000, 0x0000000100000000)
  eden space 399360K, 100% used [0x00000000d6000000,0x00000000ee600000,0x00000000ee600000)
  from space 5632K, 0% used [0x00000000ee600000,0x00000000ee608000,0x00000000eeb80000)
  to   space 5632K, 0% used [0x00000000eeb80000,0x00000000eeb80000,0x00000000ef100000)
 ParOldGen       total 86016K, used 5992K [0x0000000082000000, 0x0000000087400000, 0x00000000d6000000)
  object space 86016K, 6% used [0x0000000082000000,0x00000000825da3f8,0x0000000087400000)
 Metaspace       used 15816K, capacity 16636K, committed 16768K, reserved 1064960K
  class space    used 1882K, capacity 2084K, committed 2176K, reserved 1048576K
Event: 729.319 GC heap after
Heap after GC invocations=24 (full 0):
 PSYoungGen      total 404992K, used 64K [0x00000000d6000000, 0x00000000ef100000, 0x0000000100000000)
  eden space 399360K, 0% used [0x00000000d6000000,0x00000000d6000000,0x00000000ee600000)
  from space 5632K, 1% used [0x00000000eeb80000,0x00000000eeb90000,0x00000000ef100000)
  to   space 5632K, 0% used [0x00000000ee600000,0x00000000ee600000,0x00000000eeb80000)
 ParOldGen       total 86016K, used 6000K [0x0000000082000000, 0x0000000087400000, 0x00000000d6000000)
  object space 86016K, 6% used [0x0000000082000000,0x00000000825dc3f8,0x0000000087400000)
 Metaspace       used 15816K, capacity 16636K, committed 16768K, reserved 1064960K
  class space    used 1882K, capacity 2084K, committed 2176K, reserved 1048576K
}

Deoptimization events (10 events):
Event: 9.658 Thread 0x00000000020be800 Uncommon trap: reason=bimorphic action=maybe_recompile pc=0x0000000002729fe4 method=java.util.HashMap.putVal(ILjava/lang/Object;Ljava/lang/Object;ZZ)Ljava/lang/Object; @ 203
Event: 156.125 Thread 0x00000000020be800 Uncommon trap: reason=class_check action=maybe_recompile pc=0x0000000002abe9f4 method=java.util.stream.AbstractPipeline.wrapAndCopyInto(Ljava/util/stream/Sink;Ljava/util/Spliterator;)Ljava/util/stream/Sink; @ 6
Event: 156.126 Thread 0x00000000020be800 Uncommon trap: reason=class_check action=maybe_recompile pc=0x0000000002abe9f4 method=java.util.stream.AbstractPipeline.wrapAndCopyInto(Ljava/util/stream/Sink;Ljava/util/Spliterator;)Ljava/util/stream/Sink; @ 6
Event: 156.126 Thread 0x00000000020be800 Uncommon trap: reason=class_check action=maybe_recompile pc=0x0000000002abe9f4 method=java.util.stream.AbstractPipeline.wrapAndCopyInto(Ljava/util/stream/Sink;Ljava/util/Spliterator;)Ljava/util/stream/Sink; @ 6
Event: 156.126 Thread 0x00000000020be800 Uncommon trap: reason=class_check action=maybe_recompile pc=0x0000000002abe9f4 method=java.util.stream.AbstractPipeline.wrapAndCopyInto(Ljava/util/stream/Sink;Ljava/util/Spliterator;)Ljava/util/stream/Sink; @ 6
Event: 628.622 Thread 0x00000000020be800 Uncommon trap: reason=predicate action=maybe_recompile pc=0x00000000028c0778 method=com.google.common.collect.RegularImmutableMap.fromEntryArray(I[Ljava/util/Map$Entry;)Lcom/google/common/collect/ImmutableMap; @ 62
Event: 659.847 Thread 0x00000000020be800 Uncommon trap: reason=array_check action=maybe_recompile pc=0x0000000002c45060 method=com.google.common.collect.RegularImmutableMap.fromEntryArray(I[Ljava/util/Map$Entry;)Lcom/google/common/collect/ImmutableMap; @ 157
Event: 661.808 Thread 0x00000000020be800 Uncommon trap: reason=array_check action=maybe_recompile pc=0x0000000002c45060 method=com.google.common.collect.RegularImmutableMap.fromEntryArray(I[Ljava/util/Map$Entry;)Lcom/google/common/collect/ImmutableMap; @ 157
Event: 663.524 Thread 0x00000000020be800 Uncommon trap: reason=array_check action=maybe_recompile pc=0x0000000002c45060 method=com.google.common.collect.RegularImmutableMap.fromEntryArray(I[Ljava/util/Map$Entry;)Lcom/google/common/collect/ImmutableMap; @ 157
Event: 664.388 Thread 0x00000000020be800 Uncommon trap: reason=array_check action=maybe_recompile pc=0x0000000002c45060 method=com.google.common.collect.RegularImmutableMap.fromEntryArray(I[Ljava/util/Map$Entry;)Lcom/google/common/collect/ImmutableMap; @ 157

Classes redefined (0 events):
No events

Internal exceptions (10 events):
Event: 732.556 Thread 0x00000000020be800 Exception <a 'java/net/SocketTimeoutException': Read timed out> (0x00000000d6fc4128) thrown at [C:\re\workspace\8-2-build-windows-amd64-cygwin\jdk8u202\12323\hotspot\src\share\vm\prims\jni.cpp, line 736]
Event: 733.540 Thread 0x00000000020be800 Exception <a 'java/net/SocketTimeoutException': Read timed out> (0x00000000d7794b70) thrown at [C:\re\workspace\8-2-build-windows-amd64-cygwin\jdk8u202\12323\hotspot\src\share\vm\prims\jni.cpp, line 736]
Event: 734.264 Thread 0x00000000020be800 Exception <a 'java/net/SocketTimeoutException': Read timed out> (0x00000000d7f655e0) thrown at [C:\re\workspace\8-2-build-windows-amd64-cygwin\jdk8u202\12323\hotspot\src\share\vm\prims\jni.cpp, line 736]
Event: 734.967 Thread 0x00000000020be800 Exception <a 'java/net/SocketTimeoutException': Read timed out> (0x00000000d7f93758) thrown at [C:\re\workspace\8-2-build-windows-amd64-cygwin\jdk8u202\12323\hotspot\src\share\vm\prims\jni.cpp, line 736]
Event: 737.427 Thread 0x00000000020be800 Exception <a 'java/net/SocketTimeoutException': Read timed out> (0x00000000d7fc1418) thrown at [C:\re\workspace\8-2-build-windows-amd64-cygwin\jdk8u202\12323\hotspot\src\share\vm\prims\jni.cpp, line 736]
Event: 738.572 Thread 0x00000000020be800 Exception <a 'java/net/SocketTimeoutException': Read timed out> (0x00000000d7fef0d8) thrown at [C:\re\workspace\8-2-build-windows-amd64-cygwin\jdk8u202\12323\hotspot\src\share\vm\prims\jni.cpp, line 736]
Event: 739.230 Thread 0x00000000020be800 Exception <a 'java/net/SocketTimeoutException': Read timed out> (0x00000000d8f62900) thrown at [C:\re\workspace\8-2-build-windows-amd64-cygwin\jdk8u202\12323\hotspot\src\share\vm\prims\jni.cpp, line 736]
Event: 740.280 Thread 0x00000000020be800 Exception <a 'java/net/SocketTimeoutException': Read timed out> (0x00000000d8f90628) thrown at [C:\re\workspace\8-2-build-windows-amd64-cygwin\jdk8u202\12323\hotspot\src\share\vm\prims\jni.cpp, line 736]
Event: 741.155 Thread 0x00000000020be800 Exception <a 'java/net/SocketTimeoutException': Read timed out> (0x00000000d8fbe2e0) thrown at [C:\re\workspace\8-2-build-windows-amd64-cygwin\jdk8u202\12323\hotspot\src\share\vm\prims\jni.cpp, line 736]
Event: 742.416 Thread 0x00000000020be800 Exception <a 'java/net/SocketTimeoutException': Read timed out> (0x00000000d978f098) thrown at [C:\re\workspace\8-2-build-windows-amd64-cygwin\jdk8u202\12323\hotspot\src\share\vm\prims\jni.cpp, line 736]

Events (10 events):
Event: 701.527 Thread 0x0000000016e89000 flushing nmethod 0x00000000028ce790
Event: 701.529 Thread 0x0000000016e89000 flushing nmethod 0x00000000028d0490
Event: 701.707 Thread 0x0000000016ed9000 flushing nmethod 0x00000000028dd250
Event: 701.709 Thread 0x0000000016ed9000 flushing nmethod 0x00000000028de150
Event: 701.716 Thread 0x0000000016ed9000 flushing nmethod 0x00000000028ed410
Event: 701.720 Thread 0x0000000016ed9000 flushing nmethod 0x00000000028ef190
Event: 701.721 Thread 0x0000000016ed9000 flushing nmethod 0x00000000028f6110
Event: 703.818 Thread 0x0000000016e89000 flushing nmethod 0x0000000002954c90
Event: 721.376 Executing VM operation: ParallelGCFailedAllocation
Event: 729.321 Executing VM operation: ParallelGCFailedAllocation done


Dynamic libraries:
0x00007ff6a7180000 - 0x00007ff6a71b7000 	C:\Program Files\Java\jdk1.8.0_202\bin\java.exe
0x00007ff802390000 - 0x00007ff802588000 	C:\Windows\SYSTEM32\ntdll.dll
0x00007ff800540000 - 0x00007ff800602000 	C:\Windows\System32\KERNEL32.DLL
0x00007fffffcf0000 - 0x00007ffffffee000 	C:\Windows\System32\KERNELBASE.dll
0x00007ff8003e0000 - 0x00007ff800492000 	C:\Windows\System32\ADVAPI32.dll
0x00007ff801ff0000 - 0x00007ff80208e000 	C:\Windows\System32\msvcrt.dll
0x00007ff8004a0000 - 0x00007ff800540000 	C:\Windows\System32\sechost.dll
0x00007ff8007c0000 - 0x00007ff8008e3000 	C:\Windows\System32\RPCRT4.dll
0x00007fffffcc0000 - 0x00007fffffce7000 	C:\Windows\System32\bcrypt.dll
0x00007ff800610000 - 0x00007ff8007ad000 	C:\Windows\System32\USER32.dll
0x00007ff800100000 - 0x00007ff800122000 	C:\Windows\System32\win32u.dll
0x00007ff8009a0000 - 0x00007ff8009cb000 	C:\Windows\System32\GDI32.dll
0x00007ff8001a0000 - 0x00007ff8002b7000 	C:\Windows\System32\gdi32full.dll
0x00007ff8002c0000 - 0x00007ff80035d000 	C:\Windows\System32\msvcp_win.dll
0x00007ff800000000 - 0x00007ff800100000 	C:\Windows\System32\ucrtbase.dll
0x00007ffff4630000 - 0x00007ffff48ca000 	C:\Windows\WinSxS\amd64_microsoft.windows.common-controls_6595b64144ccf1df_6.0.19041.4355_none_60b8b9eb71f62e16\COMCTL32.dll
0x00007ff8003b0000 - 0x00007ff8003df000 	C:\Windows\System32\IMM32.DLL
0x000000006dc60000 - 0x000000006dd32000 	C:\Program Files\Java\jdk1.8.0_202\jre\bin\msvcr100.dll
0x000000006d3b0000 - 0x000000006dc55000 	C:\Program Files\Java\jdk1.8.0_202\jre\bin\server\jvm.dll
0x00007ff800ac0000 - 0x00007ff800ac8000 	C:\Windows\System32\PSAPI.DLL
0x00007ffff2bb0000 - 0x00007ffff2bb9000 	C:\Windows\SYSTEM32\WSOCK32.dll
0x00007ff8009d0000 - 0x00007ff800a3b000 	C:\Windows\System32\WS2_32.dll
0x00007ffff2bc0000 - 0x00007ffff2be7000 	C:\Windows\SYSTEM32\WINMM.dll
0x00007ffff9f00000 - 0x00007ffff9f0a000 	C:\Windows\SYSTEM32\VERSION.dll
0x00007fffcd060000 - 0x00007fffcd06f000 	C:\Program Files\Java\jdk1.8.0_202\jre\bin\verify.dll
0x00007fffc1280000 - 0x00007fffc12a9000 	C:\Program Files\Java\jdk1.8.0_202\jre\bin\java.dll
0x00007fffc7d20000 - 0x00007fffc7d36000 	C:\Program Files\Java\jdk1.8.0_202\jre\bin\zip.dll
0x00007ff801880000 - 0x00007ff801fef000 	C:\Windows\System32\SHELL32.dll
0x00007ffffd790000 - 0x00007ffffdf34000 	C:\Windows\SYSTEM32\windows.storage.dll
0x00007ff801200000 - 0x00007ff801553000 	C:\Windows\System32\combase.dll
0x00007fffff380000 - 0x00007fffff3ae000 	C:\Windows\SYSTEM32\Wldp.dll
0x00007ff802170000 - 0x00007ff80223d000 	C:\Windows\System32\OLEAUT32.dll
0x00007ff8008f0000 - 0x00007ff80099d000 	C:\Windows\System32\SHCORE.dll
0x00007ff801820000 - 0x00007ff801875000 	C:\Windows\System32\shlwapi.dll
0x00007fffff950000 - 0x00007fffff974000 	C:\Windows\SYSTEM32\profapi.dll
0x00007fffc1660000 - 0x00007fffc167a000 	C:\Program Files\Java\jdk1.8.0_202\jre\bin\net.dll
0x00007ffff4290000 - 0x00007ffff447c000 	C:\Windows\SYSTEM32\urlmon.dll
0x00007ffff2d10000 - 0x00007ffff2fce000 	C:\Windows\SYSTEM32\iertutil.dll
0x00007ffff2060000 - 0x00007ffff2088000 	C:\Windows\SYSTEM32\srvcli.dll
0x00007ffffeed0000 - 0x00007ffffeedc000 	C:\Windows\SYSTEM32\netutils.dll
0x00007fffff0e0000 - 0x00007fffff14a000 	C:\Windows\system32\mswsock.dll
0x00007ffffee00000 - 0x00007ffffeeca000 	C:\Windows\SYSTEM32\DNSAPI.dll
0x00007ffffedc0000 - 0x00007ffffedfb000 	C:\Windows\SYSTEM32\IPHLPAPI.DLL
0x00007ff8007b0000 - 0x00007ff8007b8000 	C:\Windows\System32\NSI.dll
0x00007ffff4d70000 - 0x00007ffff4d7a000 	C:\Windows\System32\rasadhlp.dll
0x00007ffff4f80000 - 0x00007ffff5000000 	C:\Windows\System32\fwpuclnt.dll
0x00007fffdf030000 - 0x00007fffdf054000 	C:\Program Files\Java\jdk1.8.0_202\jre\bin\sunec.dll
0x00007fffeae70000 - 0x00007fffeae7b000 	C:\Program Files\Java\jdk1.8.0_202\jre\bin\sunmscapi.dll
0x00007fffffab0000 - 0x00007fffffc0c000 	C:\Windows\System32\CRYPT32.dll
0x00007ffff6ae0000 - 0x00007ffff6af7000 	C:\Windows\SYSTEM32\dhcpcsvc6.DLL
0x00007ffff7150000 - 0x00007ffff716d000 	C:\Windows\SYSTEM32\dhcpcsvc.DLL
0x00007fffbdac0000 - 0x00007fffbdad2000 	C:\Program Files\Java\jdk1.8.0_202\jre\bin\nio.dll
0x00007fffff2e0000 - 0x00007fffff2f8000 	C:\Windows\SYSTEM32\CRYPTSP.dll
0x00007ffffea00000 - 0x00007ffffea34000 	C:\Windows\system32\rsaenh.dll
0x00007fffff910000 - 0x00007fffff93e000 	C:\Windows\SYSTEM32\USERENV.dll
0x00007fffffa20000 - 0x00007fffffaa2000 	C:\Windows\System32\bcryptprimitives.dll
0x00007fffff2d0000 - 0x00007fffff2dc000 	C:\Windows\SYSTEM32\CRYPTBASE.dll
0x00007fffeacf0000 - 0x00007fffead07000 	C:\Windows\system32\napinsp.dll
0x00007fffcfd40000 - 0x00007fffcfd5b000 	C:\Windows\system32\pnrpnsp.dll
0x00007ffffb2f0000 - 0x00007ffffb305000 	C:\Windows\system32\wshbth.dll
0x00007ffff8750000 - 0x00007ffff876d000 	C:\Windows\system32\NLAapi.dll
0x00007fffc8050000 - 0x00007fffc8062000 	C:\Windows\System32\winrnr.dll

VM Arguments:
jvm_args: -ea -Dfile.encoding=UTF-8 
java_command: org.eclipse.jdt.internal.junit.runner.RemoteTestRunner -version 3 -port 62668 -testLoaderClass org.eclipse.jdt.internal.junit4.runner.JUnit4TestLoader -loaderpluginname org.eclipse.jdt.junit4.runtime -test automatizado.Teste.EcommerceTeste:TC004_Venda_Multiplas_datas
java_class_path (initial): c:\Users\Gustavo Zanotto\Desktop\Importante\Teste de QA\Projetos\automatizado\target\test-classes;c:\Users\Gustavo Zanotto\Desktop\Importante\Teste de QA\Projetos\automatizado\target\classes;c:\Users\Gustavo Zanotto\.m2\repository\junit\junit\4.11\junit-4.11.jar;c:\Users\Gustavo Zanotto\.m2\repository\org\hamcrest\hamcrest-core\1.3\hamcrest-core-1.3.jar;c:\Users\Gustavo Zanotto\.m2\repository\org\seleniumhq\selenium\selenium-chrome-driver\3.141.59\selenium-chrome-driver-3.141.59.jar;c:\Users\Gustavo Zanotto\.m2\repository\org\seleniumhq\selenium\selenium-api\3.141.59\selenium-api-3.141.59.jar;c:\Users\Gustavo Zanotto\.m2\repository\org\seleniumhq\selenium\selenium-remote-driver\3.141.59\selenium-remote-driver-3.141.59.jar;c:\Users\Gustavo Zanotto\.m2\repository\net\bytebuddy\byte-buddy\1.8.15\byte-buddy-1.8.15.jar;c:\Users\Gustavo Zanotto\.m2\repository\org\apache\commons\commons-exec\1.3\commons-exec-1.3.jar;c:\Users\Gustavo Zanotto\.m2\repository\com\google\guava\guava\25.0-jre\guava-25.0-jre.jar;c:\Users\Gustavo Zanotto\.m2\repository\com\google\code\findbugs\jsr305\1.3.9\jsr305-1.3.9.jar;c:\Users\Gustavo Zanotto\.m2\repository\org\checkerframework\checker-compat-qual\2.0.0\checker-compat-qual-2.0.0.jar;c:\Users\Gustavo Zanotto\.m2\repository\com\google\errorprone\error_prone_annotations\2.1.3\error_prone_annotations-2.1.3.jar;c:\Users\Gustavo Zanotto\.m2\repository\com\google\j2objc\j2objc-annotations\1.1\j2objc-annotations-1.1.jar;c:\Users\Gustavo Zanotto\.m2\repository\org\codehaus\mojo\animal-sniffer-annotations\1.14\animal-sniffer-annotations-1.14.jar;c:\Users\Gustavo Zanotto\.m2\repository\com\squareup\okhttp3\okhttp\3.11.0\okhttp-3.11.0.jar;c:\Users\Gustavo Zanotto\.m2\repository\com\squareup\okio\okio\1.14.0\okio-1.14.0.jar;c:\Users\Gustavo Zanotto\.m2\repository\org\seleniumhq\selenium\selenium-support\3.141.59\selenium-support-3.141.59.jar;c:\Users\Gustavo Zanotto\AppData\Roaming\Code\User\globalStorage\redhat.java\1.35.1\co
Launcher Type: SUN_STANDARD

Environment Variables:
JAVA_HOME=C:\Program Files\Java\jdk1.8.0_202
PATH=C:\Program Files (x86)\Common Files\Oracle\Java\javapath;C:\Windows\system32;C:\Windows;C:\Windows\System32\Wbem;C:\Windows\System32\WindowsPowerShell\v1.0\;C:\Windows\System32\OpenSSH\;C:\Program Files\Java\jdk1.8.0_202\bin;C:\Users\Gustavo Zanotto\Desktop\Importante\Teste de QA\Arquivos\apache-maven-3.9.9\bin;C:\Users\Gustavo Zanotto\AppData\Local\Microsoft\WindowsApps;C:\Users\Gustavo Zanotto\AppData\Local\Programs\Microsoft VS Code\bin
USERNAME=Gustavo Zanotto
OS=Windows_NT
PROCESSOR_IDENTIFIER=Intel64 Family 6 Model 78 Stepping 3, GenuineIntel



---------------  S Y S T E M  ---------------

OS: Windows 10.0 , 64 bit Build 19041 (10.0.19041.4957)

CPU:total 4 (initial active 4) (2 cores per cpu, 2 threads per core) family 6 model 78 stepping 3, cmov, cx8, fxsr, mmx, sse, sse2, sse3, ssse3, sse4.1, sse4.2, popcnt, avx, avx2, aes, clmul, erms, 3dnowpref, lzcnt, ht, tsc, tscinvbit, bmi1, bmi2, adx

Memory: 4k page, physical 8251504k(7100k free), swap 33417328k(2788k free)

vm_info: Java HotSpot(TM) 64-Bit Server VM (25.202-b08) for windows-amd64 JRE (1.8.0_202-b08), built on Dec 15 2018 19:54:30 by "java_re" with MS VC++ 10.0 (VS2010)

time: Mon Oct 28 17:08:41 2024
timezone: Hora oficial do Brasil
elapsed time: 744 seconds (0d 0h 12m 24s)

