#
# There is insufficient memory for the Java Runtime Environment to continue.
# Native memory allocation (malloc) failed to allocate 32744 bytes for ChunkPool::allocate
# Possible reasons:
#   The system is out of physical RAM or swap space
#   The process is running with CompressedOops enabled, and the Java Heap may be blocking the growth of the native heap
# Possible solutions:
#   Reduce memory load on the system
#   Increase physical memory or swap space
#   Check if swap backing store is full
#   Decrease Java heap size (-Xmx/-Xms)
#   Decrease number of Java threads
#   Decrease Java thread stack sizes (-Xss)
#   Set larger code cache with -XX:ReservedCodeCacheSize=
#   JVM is running with Unscaled Compressed Oops mode in which the Java heap is
#     placed in the first 4GB address space. The Java Heap base address is the
#     maximum limit for the native heap growth. Please use -XX:HeapBaseMinAddress
#     to set the Java Heap base and to place the Java Heap above 4GB virtual address.
# This output file may be truncated or incomplete.
#
#  Out of Memory Error (allocation.cpp:272), pid=43644, tid=0x000000000000acb8
#
# JRE version: Java(TM) SE Runtime Environment (8.0_202-b08) (build 1.8.0_202-b08)
# Java VM: Java HotSpot(TM) 64-Bit Server VM (25.202-b08 mixed mode windows-amd64 compressed oops)
# Failed to write core dump. Minidumps are not enabled by default on client versions of Windows
#

---------------  T H R E A D  ---------------

Current thread (0x0000000017309800):  JavaThread "C2 CompilerThread0" daemon [_thread_in_native, id=44216, stack(0x0000000018970000,0x0000000018a70000)]

Stack: [0x0000000018970000,0x0000000018a70000]
[error occurred during error reporting (printing stack bounds), id 0xc0000005]

Native frames: (J=compiled Java code, j=interpreted, Vv=VM code, C=native code)


Current CompileTask:
C2:1205065 3234       4       okhttp3.HttpUrl::<init> (121 bytes)


---------------  P R O C E S S  ---------------

Java Threads: ( => current thread )
  0x0000000018e51000 JavaThread "Okio Watchdog" daemon [_thread_blocked, id=39704, stack(0x000000001abb0000,0x000000001acb0000)]
  0x0000000018e50800 JavaThread "OkHttp ConnectionPool" daemon [_thread_blocked, id=24004, stack(0x000000001aab0000,0x000000001abb0000)]
  0x00000000195ae800 JavaThread "Exec Stream Pumper" daemon [_thread_in_native, id=40212, stack(0x000000001a4b0000,0x000000001a5b0000)]
  0x0000000018d6c800 JavaThread "Exec Stream Pumper" daemon [_thread_in_native, id=44932, stack(0x000000001a3b0000,0x000000001a4b0000)]
  0x0000000019654800 JavaThread "Exec Default Executor" daemon [_thread_in_native, id=24156, stack(0x000000001a0b0000,0x000000001a1b0000)]
  0x0000000018d4e000 JavaThread "ReaderThread" [_thread_in_Java, id=43964, stack(0x0000000019270000,0x0000000019370000)]
  0x0000000018b91000 JavaThread "Service Thread" daemon [_thread_blocked, id=43000, stack(0x0000000019070000,0x0000000019170000)]
  0x0000000018b78800 JavaThread "C1 CompilerThread2" daemon [_thread_blocked, id=44572, stack(0x0000000018f70000,0x0000000019070000)]
  0x000000001730b800 JavaThread "C2 CompilerThread1" daemon [_thread_in_native, id=43736, stack(0x0000000018a70000,0x0000000018b70000)]
=>0x0000000017309800 JavaThread "C2 CompilerThread0" daemon [_thread_in_native, id=44216, stack(0x0000000018970000,0x0000000018a70000)]
  0x0000000017308000 JavaThread "Attach Listener" daemon [_thread_blocked, id=42476, stack(0x0000000018870000,0x0000000018970000)]
  0x0000000017307000 JavaThread "Signal Dispatcher" daemon [_thread_blocked, id=43752, stack(0x0000000018770000,0x0000000018870000)]
  0x000000000280d000 JavaThread "Finalizer" daemon [_thread_blocked, id=40248, stack(0x0000000018560000,0x0000000018660000)]
  0x0000000002804000 JavaThread "Reference Handler" daemon [_thread_blocked, id=33264, stack(0x0000000018460000,0x0000000018560000)]
  0x000000000258e800 JavaThread "Forwarding findElement on session 2c759313885666bc435a910d9f3e6bb3 to remote" [_thread_in_native, id=45008, stack(0x0000000002610000,0x0000000002710000)]

Other Threads:
  0x00000000172c7800 VMThread [stack: 0x0000000018360000,0x0000000018460000] [id=42468]
  0x0000000018b9f000 WatcherThread [stack: 0x0000000019170000,0x0000000019270000] [id=44848]

VM state:not at safepoint (normal execution)

VM Mutex/Monitor currently owned by a thread: None

heap address: 0x0000000082000000, size: 2016 MB, Compressed Oops mode: 32-bit
Narrow klass base: 0x0000000000000000, Narrow klass shift: 3
Compressed class space size: 1073741824 Address: 0x0000000100000000

Heap:
 PSYoungGen      total 269312K, used 64061K [0x00000000d6000000, 0x00000000e6b80000, 0x0000000100000000)
  eden space 264704K, 24% used [0x00000000d6000000,0x00000000d9e7f648,0x00000000e6280000)
  from space 4608K, 1% used [0x00000000e6280000,0x00000000e6290000,0x00000000e6700000)
  to   space 4608K, 0% used [0x00000000e6700000,0x00000000e6700000,0x00000000e6b80000)
 ParOldGen       total 86016K, used 6028K [0x0000000082000000, 0x0000000087400000, 0x00000000d6000000)
  object space 86016K, 7% used [0x0000000082000000,0x00000000825e33e0,0x0000000087400000)
 Metaspace       used 15863K, capacity 16636K, committed 16768K, reserved 1064960K
  class space    used 1884K, capacity 2084K, committed 2176K, reserved 1048576K

Card table byte_map: [0x0000000011bd0000,0x0000000011fd0000] byte_map_base: 0x00000000117c0000

Marking Bits: (ParMarkBitMap*) 0x000000006dbd5ce0
 Begin Bits: [0x0000000012670000, 0x00000000145f0000)
 End Bits:   [0x00000000145f0000, 0x0000000016570000)

Polling page: 0x0000000000c70000

CodeCache: size=245760Kb used=9650Kb max_used=9663Kb free=236109Kb
 bounds [0x0000000002810000, 0x00000000031b0000, 0x0000000011810000]
 total_blobs=3222 nmethods=2820 adapters=314
 compilation: enabled

Compilation events (10 events):
Event: 1199.059 Thread 0x000000001730b800 3229       4       java.net.DualStackPlainSocketImpl::checkAndReturnNativeFD (40 bytes)
Event: 1199.070 Thread 0x000000001730b800 nmethod 3229 0x0000000002d99d50 code [0x0000000002d99ea0, 0x0000000002d99fb8]
Event: 1201.071 Thread 0x0000000017309800 3230       4       java.util.ArrayDeque$DeqIterator::hasNext (17 bytes)
Event: 1201.072 Thread 0x0000000017309800 nmethod 3230 0x0000000002ada910 code [0x0000000002adaa40, 0x0000000002adaab8]
Event: 1201.580 Thread 0x000000001730b800 3231       4       java.net.PlainSocketImpl::setOption (10 bytes)
Event: 1201.581 Thread 0x0000000017309800 3232       4       java.net.AbstractPlainSocketImpl::setOption (445 bytes)
Event: 1201.584 Thread 0x000000001730b800 nmethod 3231 0x0000000002de4a10 code [0x0000000002de4b60, 0x0000000002de4c28]
Event: 1201.594 Thread 0x0000000017309800 nmethod 3232 0x0000000003144ad0 code [0x0000000003144ce0, 0x0000000003145358]
Event: 1205.007 Thread 0x000000001730b800 3233       4       okhttp3.HttpUrl$Builder::build (43 bytes)
Event: 1205.008 Thread 0x0000000017309800 3234       4       okhttp3.HttpUrl::<init> (121 bytes)

GC Heap History (10 events):
Event: 966.973 GC heap before
{Heap before GC invocations=23 (full 0):
 PSYoungGen      total 208384K, used 203328K [0x00000000d6000000, 0x00000000e3180000, 0x0000000100000000)
  eden space 203264K, 100% used [0x00000000d6000000,0x00000000e2680000,0x00000000e2680000)
  from space 5120K, 1% used [0x00000000e2c80000,0x00000000e2c90000,0x00000000e3180000)
  to   space 5632K, 0% used [0x00000000e2680000,0x00000000e2680000,0x00000000e2c00000)
 ParOldGen       total 86016K, used 6020K [0x0000000082000000, 0x0000000087400000, 0x00000000d6000000)
  object space 86016K, 6% used [0x0000000082000000,0x00000000825e13e0,0x0000000087400000)
 Metaspace       used 15863K, capacity 16636K, committed 16768K, reserved 1064960K
  class space    used 1884K, capacity 2084K, committed 2176K, reserved 1048576K
Event: 970.743 GC heap after
Heap after GC invocations=23 (full 0):
 PSYoungGen      total 208896K, used 64K [0x00000000d6000000, 0x00000000e3180000, 0x0000000100000000)
  eden space 203264K, 0% used [0x00000000d6000000,0x00000000d6000000,0x00000000e2680000)
  from space 5632K, 1% used [0x00000000e2680000,0x00000000e2690000,0x00000000e2c00000)
  to   space 5120K, 0% used [0x00000000e2c80000,0x00000000e2c80000,0x00000000e3180000)
 ParOldGen       total 86016K, used 6028K [0x0000000082000000, 0x0000000087400000, 0x00000000d6000000)
  object space 86016K, 7% used [0x0000000082000000,0x00000000825e33e0,0x0000000087400000)
 Metaspace       used 15863K, capacity 16636K, committed 16768K, reserved 1064960K
  class space    used 1884K, capacity 2084K, committed 2176K, reserved 1048576K
}
Event: 1050.326 GC heap before
{Heap before GC invocations=24 (full 0):
 PSYoungGen      total 208896K, used 203328K [0x00000000d6000000, 0x00000000e3180000, 0x0000000100000000)
  eden space 203264K, 100% used [0x00000000d6000000,0x00000000e2680000,0x00000000e2680000)
  from space 5632K, 1% used [0x00000000e2680000,0x00000000e2690000,0x00000000e2c00000)
  to   space 5120K, 0% used [0x00000000e2c80000,0x00000000e2c80000,0x00000000e3180000)
 ParOldGen       total 86016K, used 6028K [0x0000000082000000, 0x0000000087400000, 0x00000000d6000000)
  object space 86016K, 7% used [0x0000000082000000,0x00000000825e33e0,0x0000000087400000)
 Metaspace       used 15863K, capacity 16636K, committed 16768K, reserved 1064960K
  class space    used 1884K, capacity 2084K, committed 2176K, reserved 1048576K
Event: 1054.417 GC heap after
Heap after GC invocations=24 (full 0):
 PSYoungGen      total 208384K, used 96K [0x00000000d6000000, 0x00000000e3180000, 0x0000000100000000)
  eden space 203264K, 0% used [0x00000000d6000000,0x00000000d6000000,0x00000000e2680000)
  from space 5120K, 1% used [0x00000000e2c80000,0x00000000e2c98000,0x00000000e3180000)
  to   space 5632K, 0% used [0x00000000e2680000,0x00000000e2680000,0x00000000e2c00000)
 ParOldGen       total 86016K, used 6028K [0x0000000082000000, 0x0000000087400000, 0x00000000d6000000)
  object space 86016K, 7% used [0x0000000082000000,0x00000000825e33e0,0x0000000087400000)
 Metaspace       used 15863K, capacity 16636K, committed 16768K, reserved 1064960K
  class space    used 1884K, capacity 2084K, committed 2176K, reserved 1048576K
}
Event: 1092.955 GC heap before
{Heap before GC invocations=25 (full 0):
 PSYoungGen      total 208384K, used 203360K [0x00000000d6000000, 0x00000000e3180000, 0x0000000100000000)
  eden space 203264K, 100% used [0x00000000d6000000,0x00000000e2680000,0x00000000e2680000)
  from space 5120K, 1% used [0x00000000e2c80000,0x00000000e2c98000,0x00000000e3180000)
  to   space 5632K, 0% used [0x00000000e2680000,0x00000000e2680000,0x00000000e2c00000)
 ParOldGen       total 86016K, used 6028K [0x0000000082000000, 0x0000000087400000, 0x00000000d6000000)
  object space 86016K, 7% used [0x0000000082000000,0x00000000825e33e0,0x0000000087400000)
 Metaspace       used 15863K, capacity 16636K, committed 16768K, reserved 1064960K
  class space    used 1884K, capacity 2084K, committed 2176K, reserved 1048576K
Event: 1095.411 GC heap after
Heap after GC invocations=25 (full 0):
 PSYoungGen      total 208896K, used 32K [0x00000000d6000000, 0x00000000e6b80000, 0x0000000100000000)
  eden space 203264K, 0% used [0x00000000d6000000,0x00000000d6000000,0x00000000e2680000)
  from space 5632K, 0% used [0x00000000e2680000,0x00000000e2688000,0x00000000e2c00000)
  to   space 4608K, 0% used [0x00000000e6700000,0x00000000e6700000,0x00000000e6b80000)
 ParOldGen       total 86016K, used 6028K [0x0000000082000000, 0x0000000087400000, 0x00000000d6000000)
  object space 86016K, 7% used [0x0000000082000000,0x00000000825e33e0,0x0000000087400000)
 Metaspace       used 15863K, capacity 16636K, committed 16768K, reserved 1064960K
  class space    used 1884K, capacity 2084K, committed 2176K, reserved 1048576K
}
Event: 1140.275 GC heap before
{Heap before GC invocations=26 (full 0):
 PSYoungGen      total 208896K, used 203296K [0x00000000d6000000, 0x00000000e6b80000, 0x0000000100000000)
  eden space 203264K, 100% used [0x00000000d6000000,0x00000000e2680000,0x00000000e2680000)
  from space 5632K, 0% used [0x00000000e2680000,0x00000000e2688000,0x00000000e2c00000)
  to   space 4608K, 0% used [0x00000000e6700000,0x00000000e6700000,0x00000000e6b80000)
 ParOldGen       total 86016K, used 6028K [0x0000000082000000, 0x0000000087400000, 0x00000000d6000000)
  object space 86016K, 7% used [0x0000000082000000,0x00000000825e33e0,0x0000000087400000)
 Metaspace       used 15863K, capacity 16636K, committed 16768K, reserved 1064960K
  class space    used 1884K, capacity 2084K, committed 2176K, reserved 1048576K
Event: 1142.669 GC heap after
Heap after GC invocations=26 (full 0):
 PSYoungGen      total 269312K, used 64K [0x00000000d6000000, 0x00000000e6b80000, 0x0000000100000000)
  eden space 264704K, 0% used [0x00000000d6000000,0x00000000d6000000,0x00000000e6280000)
  from space 4608K, 1% used [0x00000000e6700000,0x00000000e6710000,0x00000000e6b80000)
  to   space 4608K, 0% used [0x00000000e6280000,0x00000000e6280000,0x00000000e6700000)
 ParOldGen       total 86016K, used 6028K [0x0000000082000000, 0x0000000087400000, 0x00000000d6000000)
  object space 86016K, 7% used [0x0000000082000000,0x00000000825e33e0,0x0000000087400000)
 Metaspace       used 15863K, capacity 16636K, committed 16768K, reserved 1064960K
  class space    used 1884K, capacity 2084K, committed 2176K, reserved 1048576K
}
Event: 1191.255 GC heap before
{Heap before GC invocations=27 (full 0):
 PSYoungGen      total 269312K, used 264768K [0x00000000d6000000, 0x00000000e6b80000, 0x0000000100000000)
  eden space 264704K, 100% used [0x00000000d6000000,0x00000000e6280000,0x00000000e6280000)
  from space 4608K, 1% used [0x00000000e6700000,0x00000000e6710000,0x00000000e6b80000)
  to   space 4608K, 0% used [0x00000000e6280000,0x00000000e6280000,0x00000000e6700000)
 ParOldGen       total 86016K, used 6028K [0x0000000082000000, 0x0000000087400000, 0x00000000d6000000)
  object space 86016K, 7% used [0x0000000082000000,0x00000000825e33e0,0x0000000087400000)
 Metaspace       used 15863K, capacity 16636K, committed 16768K, reserved 1064960K
  class space    used 1884K, capacity 2084K, committed 2176K, reserved 1048576K
Event: 1193.144 GC heap after
Heap after GC invocations=27 (full 0):
 PSYoungGen      total 269312K, used 64K [0x00000000d6000000, 0x00000000e6b80000, 0x0000000100000000)
  eden space 264704K, 0% used [0x00000000d6000000,0x00000000d6000000,0x00000000e6280000)
  from space 4608K, 1% used [0x00000000e6280000,0x00000000e6290000,0x00000000e6700000)
  to   space 4608K, 0% used [0x00000000e6700000,0x00000000e6700000,0x00000000e6b80000)
 ParOldGen       total 86016K, used 6028K [0x0000000082000000, 0x0000000087400000, 0x00000000d6000000)
  object space 86016K, 7% used [0x0000000082000000,0x00000000825e33e0,0x0000000087400000)
 Metaspace       used 15863K, capacity 16636K, committed 16768K, reserved 1064960K
  class space    used 1884K, capacity 2084K, committed 2176K, reserved 1048576K
}

Deoptimization events (10 events):
Event: 12.865 Thread 0x000000000258e800 Uncommon trap: reason=bimorphic action=maybe_recompile pc=0x0000000002b95d64 method=java.util.HashMap.putVal(ILjava/lang/Object;Ljava/lang/Object;ZZ)Ljava/lang/Object; @ 203
Event: 12.904 Thread 0x000000000258e800 Uncommon trap: reason=bimorphic action=maybe_recompile pc=0x0000000002b95d64 method=java.util.HashMap.putVal(ILjava/lang/Object;Ljava/lang/Object;ZZ)Ljava/lang/Object; @ 203
Event: 12.904 Thread 0x000000000258e800 Uncommon trap: reason=bimorphic action=maybe_recompile pc=0x0000000002b95d64 method=java.util.HashMap.putVal(ILjava/lang/Object;Ljava/lang/Object;ZZ)Ljava/lang/Object; @ 203
Event: 12.904 Thread 0x000000000258e800 Uncommon trap: reason=bimorphic action=maybe_recompile pc=0x0000000002b95d64 method=java.util.HashMap.putVal(ILjava/lang/Object;Ljava/lang/Object;ZZ)Ljava/lang/Object; @ 203
Event: 12.904 Thread 0x000000000258e800 Uncommon trap: reason=bimorphic action=maybe_recompile pc=0x0000000002b3df90 method=java.util.HashMap.putVal(ILjava/lang/Object;Ljava/lang/Object;ZZ)Ljava/lang/Object; @ 203
Event: 469.140 Thread 0x000000000258e800 Uncommon trap: reason=predicate action=maybe_recompile pc=0x0000000002d751f8 method=com.google.common.collect.RegularImmutableMap.fromEntryArray(I[Ljava/util/Map$Entry;)Lcom/google/common/collect/ImmutableMap; @ 62
Event: 482.826 Thread 0x000000000258e800 Uncommon trap: reason=array_check action=maybe_recompile pc=0x0000000002d73ddc method=com.google.common.collect.RegularImmutableMap.fromEntryArray(I[Ljava/util/Map$Entry;)Lcom/google/common/collect/ImmutableMap; @ 157
Event: 483.350 Thread 0x000000000258e800 Uncommon trap: reason=array_check action=maybe_recompile pc=0x0000000002d73ddc method=com.google.common.collect.RegularImmutableMap.fromEntryArray(I[Ljava/util/Map$Entry;)Lcom/google/common/collect/ImmutableMap; @ 157
Event: 483.881 Thread 0x000000000258e800 Uncommon trap: reason=array_check action=maybe_recompile pc=0x0000000002d73ddc method=com.google.common.collect.RegularImmutableMap.fromEntryArray(I[Ljava/util/Map$Entry;)Lcom/google/common/collect/ImmutableMap; @ 157
Event: 484.397 Thread 0x000000000258e800 Uncommon trap: reason=array_check action=maybe_recompile pc=0x0000000002d73ddc method=com.google.common.collect.RegularImmutableMap.fromEntryArray(I[Ljava/util/Map$Entry;)Lcom/google/common/collect/ImmutableMap; @ 157

Classes redefined (0 events):
No events

Internal exceptions (10 events):
Event: 1193.703 Thread 0x000000000258e800 Exception <a 'java/net/SocketTimeoutException': Read timed out> (0x00000000d653b6e8) thrown at [C:\re\workspace\8-2-build-windows-amd64-cygwin\jdk8u202\12323\hotspot\src\share\vm\prims\jni.cpp, line 736]
Event: 1194.653 Thread 0x000000000258e800 Exception <a 'java/net/SocketTimeoutException': Read timed out> (0x00000000d6f84868) thrown at [C:\re\workspace\8-2-build-windows-amd64-cygwin\jdk8u202\12323\hotspot\src\share\vm\prims\jni.cpp, line 736]
Event: 1195.386 Thread 0x000000000258e800 Exception <a 'java/net/SocketTimeoutException': Read timed out> (0x00000000d74bffd8) thrown at [C:\re\workspace\8-2-build-windows-amd64-cygwin\jdk8u202\12323\hotspot\src\share\vm\prims\jni.cpp, line 736]
Event: 1197.604 Thread 0x000000000258e800 Exception <a 'java/net/SocketTimeoutException': Read timed out> (0x00000000d74ed8e8) thrown at [C:\re\workspace\8-2-build-windows-amd64-cygwin\jdk8u202\12323\hotspot\src\share\vm\prims\jni.cpp, line 736]
Event: 1198.276 Thread 0x000000000258e800 Exception <a 'java/net/SocketTimeoutException': Read timed out> (0x00000000d8444d88) thrown at [C:\re\workspace\8-2-build-windows-amd64-cygwin\jdk8u202\12323\hotspot\src\share\vm\prims\jni.cpp, line 736]
Event: 1199.057 Thread 0x000000000258e800 Exception <a 'java/net/SocketTimeoutException': Read timed out> (0x00000000d8472748) thrown at [C:\re\workspace\8-2-build-windows-amd64-cygwin\jdk8u202\12323\hotspot\src\share\vm\prims\jni.cpp, line 736]
Event: 1199.729 Thread 0x000000000258e800 Exception <a 'java/net/SocketTimeoutException': Read timed out> (0x00000000d84a01c8) thrown at [C:\re\workspace\8-2-build-windows-amd64-cygwin\jdk8u202\12323\hotspot\src\share\vm\prims\jni.cpp, line 736]
Event: 1200.958 Thread 0x000000000258e800 Exception <a 'java/net/SocketTimeoutException': Read timed out> (0x00000000d84cdac8) thrown at [C:\re\workspace\8-2-build-windows-amd64-cygwin\jdk8u202\12323\hotspot\src\share\vm\prims\jni.cpp, line 736]
Event: 1201.579 Thread 0x000000000258e800 Exception <a 'java/net/SocketTimeoutException': Read timed out> (0x00000000d8a06fd8) thrown at [C:\re\workspace\8-2-build-windows-amd64-cygwin\jdk8u202\12323\hotspot\src\share\vm\prims\jni.cpp, line 736]
Event: 1205.017 Thread 0x000000000258e800 Exception <a 'java/net/SocketTimeoutException': Read timed out> (0x00000000d8a36b60) thrown at [C:\re\workspace\8-2-build-windows-amd64-cygwin\jdk8u202\12323\hotspot\src\share\vm\prims\jni.cpp, line 736]

Events (10 events):
Event: 1179.009 Thread 0x000000001730b800 flushing nmethod 0x0000000002e06110
Event: 1184.284 Thread 0x000000001730b800 flushing nmethod 0x0000000002e4ee50
Event: 1184.419 Thread 0x000000001730b800 flushing nmethod 0x0000000002e814d0
Event: 1185.754 Thread 0x0000000017309800 flushing nmethod 0x0000000002ee1350
Event: 1185.766 Thread 0x0000000017309800 flushing nmethod 0x0000000002ef4150
Event: 1185.791 Thread 0x0000000017309800 flushing nmethod 0x0000000002f323d0
Event: 1185.791 Thread 0x0000000017309800 flushing nmethod 0x0000000002f32710
Event: 1190.754 Executing VM operation: ParallelGCFailedAllocation
Event: 1193.146 Executing VM operation: ParallelGCFailedAllocation done
Event: 1195.055 Thread 0x000000001730b800 flushing nmethod 0x0000000002f7f750


Dynamic libraries:
0x00007ff6a7180000 - 0x00007ff6a71b7000 	C:\Program Files\Java\jdk1.8.0_202\bin\java.exe
0x00007ff802390000 - 0x00007ff802588000 	C:\Windows\SYSTEM32\ntdll.dll
0x00007ff800540000 - 0x00007ff800602000 	C:\Windows\System32\KERNEL32.DLL
0x00007fffffcf0000 - 0x00007ffffffee000 	C:\Windows\System32\KERNELBASE.dll
0x00007ff8003e0000 - 0x00007ff800492000 	C:\Windows\System32\ADVAPI32.dll
0x00007ff801ff0000 - 0x00007ff80208e000 	C:\Windows\System32\msvcrt.dll
0x00007ff8004a0000 - 0x00007ff800540000 	C:\Windows\System32\sechost.dll
0x00007ff8007c0000 - 0x00007ff8008e3000 	C:\Windows\System32\RPCRT4.dll
0x00007fffffcc0000 - 0x00007fffffce7000 	C:\Windows\System32\bcrypt.dll
0x00007ff800610000 - 0x00007ff8007ad000 	C:\Windows\System32\USER32.dll
0x00007ff800100000 - 0x00007ff800122000 	C:\Windows\System32\win32u.dll
0x00007ff8009a0000 - 0x00007ff8009cb000 	C:\Windows\System32\GDI32.dll
0x00007ff8001a0000 - 0x00007ff8002b7000 	C:\Windows\System32\gdi32full.dll
0x00007ff8002c0000 - 0x00007ff80035d000 	C:\Windows\System32\msvcp_win.dll
0x00007ff800000000 - 0x00007ff800100000 	C:\Windows\System32\ucrtbase.dll
0x00007ffff4630000 - 0x00007ffff48ca000 	C:\Windows\WinSxS\amd64_microsoft.windows.common-controls_6595b64144ccf1df_6.0.19041.4355_none_60b8b9eb71f62e16\COMCTL32.dll
0x00007ff8003b0000 - 0x00007ff8003df000 	C:\Windows\System32\IMM32.DLL
0x000000006dc60000 - 0x000000006dd32000 	C:\Program Files\Java\jdk1.8.0_202\jre\bin\msvcr100.dll
0x000000006d3b0000 - 0x000000006dc55000 	C:\Program Files\Java\jdk1.8.0_202\jre\bin\server\jvm.dll
0x00007ff800ac0000 - 0x00007ff800ac8000 	C:\Windows\System32\PSAPI.DLL
0x00007ffff2bc0000 - 0x00007ffff2be7000 	C:\Windows\SYSTEM32\WINMM.dll
0x00007ffff2bb0000 - 0x00007ffff2bb9000 	C:\Windows\SYSTEM32\WSOCK32.dll
0x00007ffff9f00000 - 0x00007ffff9f0a000 	C:\Windows\SYSTEM32\VERSION.dll
0x00007ff8009d0000 - 0x00007ff800a3b000 	C:\Windows\System32\WS2_32.dll
0x00007fffcd060000 - 0x00007fffcd06f000 	C:\Program Files\Java\jdk1.8.0_202\jre\bin\verify.dll
0x00007fffc1280000 - 0x00007fffc12a9000 	C:\Program Files\Java\jdk1.8.0_202\jre\bin\java.dll
0x00007fffc7d20000 - 0x00007fffc7d36000 	C:\Program Files\Java\jdk1.8.0_202\jre\bin\zip.dll
0x00007ff801880000 - 0x00007ff801fef000 	C:\Windows\System32\SHELL32.dll
0x00007ffffd790000 - 0x00007ffffdf34000 	C:\Windows\SYSTEM32\windows.storage.dll
0x00007ff801200000 - 0x00007ff801553000 	C:\Windows\System32\combase.dll
0x00007fffff380000 - 0x00007fffff3ae000 	C:\Windows\SYSTEM32\Wldp.dll
0x00007ff802170000 - 0x00007ff80223d000 	C:\Windows\System32\OLEAUT32.dll
0x00007ff8008f0000 - 0x00007ff80099d000 	C:\Windows\System32\SHCORE.dll
0x00007ff801820000 - 0x00007ff801875000 	C:\Windows\System32\shlwapi.dll
0x00007fffff950000 - 0x00007fffff974000 	C:\Windows\SYSTEM32\profapi.dll
0x00007fffc1660000 - 0x00007fffc167a000 	C:\Program Files\Java\jdk1.8.0_202\jre\bin\net.dll
0x00007ffff4290000 - 0x00007ffff447c000 	C:\Windows\SYSTEM32\urlmon.dll
0x00007ffff2060000 - 0x00007ffff2088000 	C:\Windows\SYSTEM32\srvcli.dll
0x00007ffff2d10000 - 0x00007ffff2fce000 	C:\Windows\SYSTEM32\iertutil.dll
0x00007ffffeed0000 - 0x00007ffffeedc000 	C:\Windows\SYSTEM32\netutils.dll
0x00007fffff0e0000 - 0x00007fffff14a000 	C:\Windows\system32\mswsock.dll
0x00007ffffee00000 - 0x00007ffffeeca000 	C:\Windows\SYSTEM32\DNSAPI.dll
0x00007ffffedc0000 - 0x00007ffffedfb000 	C:\Windows\SYSTEM32\IPHLPAPI.DLL
0x00007ff8007b0000 - 0x00007ff8007b8000 	C:\Windows\System32\NSI.dll
0x00007ffff4d70000 - 0x00007ffff4d7a000 	C:\Windows\System32\rasadhlp.dll
0x00007ffff4f80000 - 0x00007ffff5000000 	C:\Windows\System32\fwpuclnt.dll
0x00007fffdf030000 - 0x00007fffdf054000 	C:\Program Files\Java\jdk1.8.0_202\jre\bin\sunec.dll
0x00007fffeae70000 - 0x00007fffeae7b000 	C:\Program Files\Java\jdk1.8.0_202\jre\bin\sunmscapi.dll
0x00007fffffab0000 - 0x00007fffffc0c000 	C:\Windows\System32\CRYPT32.dll
0x00007ffff6ae0000 - 0x00007ffff6af7000 	C:\Windows\SYSTEM32\dhcpcsvc6.DLL
0x00007ffff7150000 - 0x00007ffff716d000 	C:\Windows\SYSTEM32\dhcpcsvc.DLL
0x00007fffbdac0000 - 0x00007fffbdad2000 	C:\Program Files\Java\jdk1.8.0_202\jre\bin\nio.dll
0x00007fffff2e0000 - 0x00007fffff2f8000 	C:\Windows\SYSTEM32\CRYPTSP.dll
0x00007ffffea00000 - 0x00007ffffea34000 	C:\Windows\system32\rsaenh.dll
0x00007fffff910000 - 0x00007fffff93e000 	C:\Windows\SYSTEM32\USERENV.dll
0x00007fffffa20000 - 0x00007fffffaa2000 	C:\Windows\System32\bcryptprimitives.dll
0x00007fffff2d0000 - 0x00007fffff2dc000 	C:\Windows\SYSTEM32\CRYPTBASE.dll
0x00007fffeacf0000 - 0x00007fffead07000 	C:\Windows\system32\napinsp.dll
0x00007fffcfd40000 - 0x00007fffcfd5b000 	C:\Windows\system32\pnrpnsp.dll
0x00007ffffb2f0000 - 0x00007ffffb305000 	C:\Windows\system32\wshbth.dll
0x00007ffff8750000 - 0x00007ffff876d000 	C:\Windows\system32\NLAapi.dll
0x00007fffc8050000 - 0x00007fffc8062000 	C:\Windows\System32\winrnr.dll

VM Arguments:
jvm_args: -ea -Dfile.encoding=UTF-8 
java_command: org.eclipse.jdt.internal.junit.runner.RemoteTestRunner -version 3 -port 61923 -testLoaderClass org.eclipse.jdt.internal.junit4.runner.JUnit4TestLoader -loaderpluginname org.eclipse.jdt.junit4.runtime -test automatizado.Teste.EcommerceTeste:TC004_Venda_Multiplas_datas
java_class_path (initial): c:\Users\Gustavo Zanotto\Desktop\Importante\Teste de QA\Projetos\automatizado\target\test-classes;c:\Users\Gustavo Zanotto\Desktop\Importante\Teste de QA\Projetos\automatizado\target\classes;c:\Users\Gustavo Zanotto\.m2\repository\junit\junit\4.11\junit-4.11.jar;c:\Users\Gustavo Zanotto\.m2\repository\org\hamcrest\hamcrest-core\1.3\hamcrest-core-1.3.jar;c:\Users\Gustavo Zanotto\.m2\repository\org\seleniumhq\selenium\selenium-chrome-driver\3.141.59\selenium-chrome-driver-3.141.59.jar;c:\Users\Gustavo Zanotto\.m2\repository\org\seleniumhq\selenium\selenium-api\3.141.59\selenium-api-3.141.59.jar;c:\Users\Gustavo Zanotto\.m2\repository\org\seleniumhq\selenium\selenium-remote-driver\3.141.59\selenium-remote-driver-3.141.59.jar;c:\Users\Gustavo Zanotto\.m2\repository\net\bytebuddy\byte-buddy\1.8.15\byte-buddy-1.8.15.jar;c:\Users\Gustavo Zanotto\.m2\repository\org\apache\commons\commons-exec\1.3\commons-exec-1.3.jar;c:\Users\Gustavo Zanotto\.m2\repository\com\google\guava\guava\25.0-jre\guava-25.0-jre.jar;c:\Users\Gustavo Zanotto\.m2\repository\com\google\code\findbugs\jsr305\1.3.9\jsr305-1.3.9.jar;c:\Users\Gustavo Zanotto\.m2\repository\org\checkerframework\checker-compat-qual\2.0.0\checker-compat-qual-2.0.0.jar;c:\Users\Gustavo Zanotto\.m2\repository\com\google\errorprone\error_prone_annotations\2.1.3\error_prone_annotations-2.1.3.jar;c:\Users\Gustavo Zanotto\.m2\repository\com\google\j2objc\j2objc-annotations\1.1\j2objc-annotations-1.1.jar;c:\Users\Gustavo Zanotto\.m2\repository\org\codehaus\mojo\animal-sniffer-annotations\1.14\animal-sniffer-annotations-1.14.jar;c:\Users\Gustavo Zanotto\.m2\repository\com\squareup\okhttp3\okhttp\3.11.0\okhttp-3.11.0.jar;c:\Users\Gustavo Zanotto\.m2\repository\com\squareup\okio\okio\1.14.0\okio-1.14.0.jar;c:\Users\Gustavo Zanotto\.m2\repository\org\seleniumhq\selenium\selenium-support\3.141.59\selenium-support-3.141.59.jar;c:\Users\Gustavo Zanotto\AppData\Roaming\Code\User\globalStorage\redhat.java\1.35.1\co
Launcher Type: SUN_STANDARD

Environment Variables:
JAVA_HOME=C:\Program Files\Java\jdk1.8.0_202
PATH=C:\Program Files (x86)\Common Files\Oracle\Java\javapath;C:\Windows\system32;C:\Windows;C:\Windows\System32\Wbem;C:\Windows\System32\WindowsPowerShell\v1.0\;C:\Windows\System32\OpenSSH\;C:\Program Files\Java\jdk1.8.0_202\bin;C:\Users\Gustavo Zanotto\Desktop\Importante\Teste de QA\Arquivos\apache-maven-3.9.9\bin;C:\Users\Gustavo Zanotto\AppData\Local\Microsoft\WindowsApps;C:\Users\Gustavo Zanotto\AppData\Local\Programs\Microsoft VS Code\bin
USERNAME=Gustavo Zanotto
OS=Windows_NT
PROCESSOR_IDENTIFIER=Intel64 Family 6 Model 78 Stepping 3, GenuineIntel



---------------  S Y S T E M  ---------------

OS: Windows 10.0 , 64 bit Build 19041 (10.0.19041.4957)

CPU:total 4 (initial active 4) (2 cores per cpu, 2 threads per core) family 6 model 78 stepping 3, cmov, cx8, fxsr, mmx, sse, sse2, sse3, ssse3, sse4.1, sse4.2, popcnt, avx, avx2, aes, clmul, erms, 3dnowpref, lzcnt, ht, tsc, tscinvbit, bmi1, bmi2, adx

Memory: 4k page, physical 8251504k(514716k free), swap 33417328k(260k free)

vm_info: Java HotSpot(TM) 64-Bit Server VM (25.202-b08) for windows-amd64 JRE (1.8.0_202-b08), built on Dec 15 2018 19:54:30 by "java_re" with MS VC++ 10.0 (VS2010)

time: Mon Oct 28 17:07:55 2024
timezone: Hora oficial do Brasil
elapsed time: 1205 seconds (0d 0h 20m 5s)

