#
# There is insufficient memory for the Java Runtime Environment to continue.
# Native memory allocation (malloc) failed to allocate 32744 bytes for ChunkPool::allocate
# Possible reasons:
#   The system is out of physical RAM or swap space
#   The process is running with CompressedOops enabled, and the Java Heap may be blocking the growth of the native heap
# Possible solutions:
#   Reduce memory load on the system
#   Increase physical memory or swap space
#   Check if swap backing store is full
#   Decrease Java heap size (-Xmx/-Xms)
#   Decrease number of Java threads
#   Decrease Java thread stack sizes (-Xss)
#   Set larger code cache with -XX:ReservedCodeCacheSize=
#   JVM is running with Unscaled Compressed Oops mode in which the Java heap is
#     placed in the first 4GB address space. The Java Heap base address is the
#     maximum limit for the native heap growth. Please use -XX:HeapBaseMinAddress
#     to set the Java Heap base and to place the Java Heap above 4GB virtual address.
# This output file may be truncated or incomplete.
#
#  Out of Memory Error (allocation.cpp:272), pid=47048, tid=0x000000000000b998
#
# JRE version: Java(TM) SE Runtime Environment (8.0_202-b08) (build 1.8.0_202-b08)
# Java VM: Java HotSpot(TM) 64-Bit Server VM (25.202-b08 mixed mode windows-amd64 compressed oops)
# Failed to write core dump. Minidumps are not enabled by default on client versions of Windows
#

---------------  T H R E A D  ---------------

Current thread (0x0000000016ecc000):  JavaThread "C2 CompilerThread1" daemon [_thread_in_native, id=47512, stack(0x0000000018630000,0x0000000018730000)]

Stack: [0x0000000018630000,0x0000000018730000]
[error occurred during error reporting (printing stack bounds), id 0xc0000005]

Native frames: (J=compiled Java code, j=interpreted, Vv=VM code, C=native code)


Current CompileTask:
C2: 401270 2923   !   4       org.openqa.selenium.json.JsonOutput::getMethod (68 bytes)


---------------  P R O C E S S  ---------------

Java Threads: ( => current thread )
  0x00000000194c4800 JavaThread "Okio Watchdog" daemon [_thread_blocked, id=48112, stack(0x000000001a770000,0x000000001a870000)]
  0x00000000194c4000 JavaThread "OkHttp ConnectionPool" daemon [_thread_blocked, id=48108, stack(0x000000001a670000,0x000000001a770000)]
  0x0000000018abf000 JavaThread "Exec Stream Pumper" daemon [_thread_in_native, id=36976, stack(0x000000001a070000,0x000000001a170000)]
  0x000000001931c800 JavaThread "Exec Stream Pumper" daemon [_thread_in_native, id=40148, stack(0x0000000019f70000,0x000000001a070000)]
  0x0000000019312000 JavaThread "Exec Default Executor" daemon [_thread_in_native, id=37940, stack(0x0000000019c70000,0x0000000019d70000)]
  0x00000000188c2800 JavaThread "ReaderThread" [_thread_in_vm, id=47640, stack(0x0000000018e30000,0x0000000018f30000)]
  0x0000000018739800 JavaThread "Service Thread" daemon [_thread_blocked, id=47632, stack(0x0000000018c30000,0x0000000018d30000)]
  0x0000000018738800 JavaThread "C1 CompilerThread2" daemon [_thread_blocked, id=47612, stack(0x0000000018b30000,0x0000000018c30000)]
=>0x0000000016ecc000 JavaThread "C2 CompilerThread1" daemon [_thread_in_native, id=47512, stack(0x0000000018630000,0x0000000018730000)]
  0x0000000016eca000 JavaThread "C2 CompilerThread0" daemon [_thread_blocked, id=46796, stack(0x0000000018530000,0x0000000018630000)]
  0x0000000016ec8000 JavaThread "Attach Listener" daemon [_thread_blocked, id=44996, stack(0x0000000018430000,0x0000000018530000)]
  0x0000000016ec7000 JavaThread "Signal Dispatcher" daemon [_thread_blocked, id=44492, stack(0x0000000018330000,0x0000000018430000)]
  0x00000000023c6000 JavaThread "Finalizer" daemon [_thread_blocked, id=45596, stack(0x0000000018120000,0x0000000018220000)]
  0x00000000023c3000 JavaThread "Reference Handler" daemon [_thread_blocked, id=46068, stack(0x0000000018020000,0x0000000018120000)]
  0x00000000022ce800 JavaThread "Forwarding findElement on session 3b710f4b39b8b7a86a5860cca33bea79 to remote" [_thread_in_native, id=34704, stack(0x0000000002180000,0x0000000002280000)]

Other Threads:
  0x0000000016e87000 VMThread [stack: 0x0000000017f20000,0x0000000018020000] [id=47060]
  0x0000000018752800 WatcherThread [stack: 0x0000000018d30000,0x0000000018e30000] [id=47628]

VM state:not at safepoint (normal execution)

VM Mutex/Monitor currently owned by a thread: None

heap address: 0x0000000082000000, size: 2016 MB, Compressed Oops mode: 32-bit
Narrow klass base: 0x0000000000000000, Narrow klass shift: 3
Compressed class space size: 1073741824 Address: 0x0000000100000000

Heap:
 PSYoungGen      total 273408K, used 152937K [0x00000000d6000000, 0x00000000e7280000, 0x0000000100000000)
  eden space 265728K, 57% used [0x00000000d6000000,0x00000000df5527f8,0x00000000e6380000)
  from space 7680K, 0% used [0x00000000e6380000,0x00000000e6388000,0x00000000e6b00000)
  to   space 7168K, 0% used [0x00000000e6b80000,0x00000000e6b80000,0x00000000e7280000)
 ParOldGen       total 86016K, used 5766K [0x0000000082000000, 0x0000000087400000, 0x00000000d6000000)
  object space 86016K, 6% used [0x0000000082000000,0x00000000825a19c8,0x0000000087400000)
 Metaspace       used 15814K, capacity 16642K, committed 16768K, reserved 1064960K
  class space    used 1882K, capacity 2085K, committed 2176K, reserved 1048576K

Card table byte_map: [0x0000000011790000,0x0000000011b90000] byte_map_base: 0x0000000011380000

Marking Bits: (ParMarkBitMap*) 0x000000006dbd5ce0
 Begin Bits: [0x0000000012230000, 0x00000000141b0000)
 End Bits:   [0x00000000141b0000, 0x0000000016130000)

Polling page: 0x0000000000520000

CodeCache: size=245760Kb used=8584Kb max_used=8602Kb free=237175Kb
 bounds [0x00000000023d0000, 0x0000000002c50000, 0x00000000113d0000]
 total_blobs=3065 nmethods=2663 adapters=314
 compilation: enabled

Compilation events (10 events):
Event: 369.310 Thread 0x0000000018738800 nmethod 2909 0x0000000002c3b9d0 code [0x0000000002c3bde0, 0x0000000002c3e138]
Event: 369.529 Thread 0x0000000018738800 2913       3       java.util.stream.Collectors$$Lambda$235/1138410383::get (8 bytes)
Event: 369.537 Thread 0x0000000018738800 nmethod 2913 0x00000000025e6ad0 code [0x00000000025e6c60, 0x00000000025e7110]
Event: 380.759 Thread 0x0000000018738800 2920       3       okhttp3.HttpUrl$Builder::resolvePath (138 bytes)
Event: 380.761 Thread 0x0000000018738800 nmethod 2920 0x0000000002c3aa90 code [0x0000000002c3aca0, 0x0000000002c3b5e8]
Event: 394.197 Thread 0x0000000016eca000 2921  s    4       java.lang.StringBuffer::toString (36 bytes)
Event: 394.339 Thread 0x0000000016eca000 nmethod 2921 0x0000000002c3a190 code [0x0000000002c3a2e0, 0x0000000002c3a878]
Event: 395.611 Thread 0x0000000018738800 2922       3       okio.Buffer::read (111 bytes)
Event: 395.663 Thread 0x0000000018738800 nmethod 2922 0x0000000002c41dd0 code [0x0000000002c41f80, 0x0000000002c42498]
Event: 399.608 Thread 0x0000000016ecc000 2923   !   4       org.openqa.selenium.json.JsonOutput::getMethod (68 bytes)

GC Heap History (10 events):
Event: 357.757 GC heap before
{Heap before GC invocations=11 (full 0):
 PSYoungGen      total 111616K, used 103488K [0x00000000d6000000, 0x00000000dd500000, 0x0000000100000000)
  eden space 103424K, 100% used [0x00000000d6000000,0x00000000dc500000,0x00000000dc500000)
  from space 8192K, 0% used [0x00000000dcd00000,0x00000000dcd10000,0x00000000dd500000)
  to   space 8192K, 0% used [0x00000000dc500000,0x00000000dc500000,0x00000000dcd00000)
 ParOldGen       total 86016K, used 5758K [0x0000000082000000, 0x0000000087400000, 0x00000000d6000000)
  object space 86016K, 6% used [0x0000000082000000,0x000000008259f9c8,0x0000000087400000)
 Metaspace       used 15806K, capacity 16626K, committed 16768K, reserved 1064960K
  class space    used 1882K, capacity 2085K, committed 2176K, reserved 1048576K
Event: 358.256 GC heap after
Heap after GC invocations=11 (full 0):
 PSYoungGen      total 111616K, used 64K [0x00000000d6000000, 0x00000000e1200000, 0x0000000100000000)
  eden space 103424K, 0% used [0x00000000d6000000,0x00000000d6000000,0x00000000dc500000)
  from space 8192K, 0% used [0x00000000dc500000,0x00000000dc510000,0x00000000dcd00000)
  to   space 8192K, 0% used [0x00000000e0a00000,0x00000000e0a00000,0x00000000e1200000)
 ParOldGen       total 86016K, used 5758K [0x0000000082000000, 0x0000000087400000, 0x00000000d6000000)
  object space 86016K, 6% used [0x0000000082000000,0x000000008259f9c8,0x0000000087400000)
 Metaspace       used 15806K, capacity 16626K, committed 16768K, reserved 1064960K
  class space    used 1882K, capacity 2085K, committed 2176K, reserved 1048576K
}
Event: 363.861 GC heap before
{Heap before GC invocations=12 (full 0):
 PSYoungGen      total 111616K, used 103488K [0x00000000d6000000, 0x00000000e1200000, 0x0000000100000000)
  eden space 103424K, 100% used [0x00000000d6000000,0x00000000dc500000,0x00000000dc500000)
  from space 8192K, 0% used [0x00000000dc500000,0x00000000dc510000,0x00000000dcd00000)
  to   space 8192K, 0% used [0x00000000e0a00000,0x00000000e0a00000,0x00000000e1200000)
 ParOldGen       total 86016K, used 5758K [0x0000000082000000, 0x0000000087400000, 0x00000000d6000000)
  object space 86016K, 6% used [0x0000000082000000,0x000000008259f9c8,0x0000000087400000)
 Metaspace       used 15806K, capacity 16626K, committed 16768K, reserved 1064960K
  class space    used 1882K, capacity 2085K, committed 2176K, reserved 1048576K
Event: 364.453 GC heap after
Heap after GC invocations=12 (full 0):
 PSYoungGen      total 174080K, used 32K [0x00000000d6000000, 0x00000000e1200000, 0x0000000100000000)
  eden space 165888K, 0% used [0x00000000d6000000,0x00000000d6000000,0x00000000e0200000)
  from space 8192K, 0% used [0x00000000e0a00000,0x00000000e0a08000,0x00000000e1200000)
  to   space 8192K, 0% used [0x00000000e0200000,0x00000000e0200000,0x00000000e0a00000)
 ParOldGen       total 86016K, used 5758K [0x0000000082000000, 0x0000000087400000, 0x00000000d6000000)
  object space 86016K, 6% used [0x0000000082000000,0x000000008259f9c8,0x0000000087400000)
 Metaspace       used 15806K, capacity 16626K, committed 16768K, reserved 1064960K
  class space    used 1882K, capacity 2085K, committed 2176K, reserved 1048576K
}
Event: 370.867 GC heap before
{Heap before GC invocations=13 (full 0):
 PSYoungGen      total 174080K, used 165920K [0x00000000d6000000, 0x00000000e1200000, 0x0000000100000000)
  eden space 165888K, 100% used [0x00000000d6000000,0x00000000e0200000,0x00000000e0200000)
  from space 8192K, 0% used [0x00000000e0a00000,0x00000000e0a08000,0x00000000e1200000)
  to   space 8192K, 0% used [0x00000000e0200000,0x00000000e0200000,0x00000000e0a00000)
 ParOldGen       total 86016K, used 5758K [0x0000000082000000, 0x0000000087400000, 0x00000000d6000000)
  object space 86016K, 6% used [0x0000000082000000,0x000000008259f9c8,0x0000000087400000)
 Metaspace       used 15814K, capacity 16642K, committed 16768K, reserved 1064960K
  class space    used 1882K, capacity 2085K, committed 2176K, reserved 1048576K
Event: 371.148 GC heap after
Heap after GC invocations=13 (full 0):
 PSYoungGen      total 174080K, used 32K [0x00000000d6000000, 0x00000000e7380000, 0x0000000100000000)
  eden space 165888K, 0% used [0x00000000d6000000,0x00000000d6000000,0x00000000e0200000)
  from space 8192K, 0% used [0x00000000e0200000,0x00000000e0208000,0x00000000e0a00000)
  to   space 8192K, 0% used [0x00000000e6b80000,0x00000000e6b80000,0x00000000e7380000)
 ParOldGen       total 86016K, used 5758K [0x0000000082000000, 0x0000000087400000, 0x00000000d6000000)
  object space 86016K, 6% used [0x0000000082000000,0x000000008259f9c8,0x0000000087400000)
 Metaspace       used 15814K, capacity 16642K, committed 16768K, reserved 1064960K
  class space    used 1882K, capacity 2085K, committed 2176K, reserved 1048576K
}
Event: 379.712 GC heap before
{Heap before GC invocations=14 (full 0):
 PSYoungGen      total 174080K, used 165920K [0x00000000d6000000, 0x00000000e7380000, 0x0000000100000000)
  eden space 165888K, 100% used [0x00000000d6000000,0x00000000e0200000,0x00000000e0200000)
  from space 8192K, 0% used [0x00000000e0200000,0x00000000e0208000,0x00000000e0a00000)
  to   space 8192K, 0% used [0x00000000e6b80000,0x00000000e6b80000,0x00000000e7380000)
 ParOldGen       total 86016K, used 5758K [0x0000000082000000, 0x0000000087400000, 0x00000000d6000000)
  object space 86016K, 6% used [0x0000000082000000,0x000000008259f9c8,0x0000000087400000)
 Metaspace       used 15814K, capacity 16642K, committed 16768K, reserved 1064960K
  class space    used 1882K, capacity 2085K, committed 2176K, reserved 1048576K
Event: 379.964 GC heap after
Heap after GC invocations=14 (full 0):
 PSYoungGen      total 272896K, used 64K [0x00000000d6000000, 0x00000000e7280000, 0x0000000100000000)
  eden space 265728K, 0% used [0x00000000d6000000,0x00000000d6000000,0x00000000e6380000)
  from space 7168K, 0% used [0x00000000e6b80000,0x00000000e6b90000,0x00000000e7280000)
  to   space 7680K, 0% used [0x00000000e6380000,0x00000000e6380000,0x00000000e6b00000)
 ParOldGen       total 86016K, used 5766K [0x0000000082000000, 0x0000000087400000, 0x00000000d6000000)
  object space 86016K, 6% used [0x0000000082000000,0x00000000825a19c8,0x0000000087400000)
 Metaspace       used 15814K, capacity 16642K, committed 16768K, reserved 1064960K
  class space    used 1882K, capacity 2085K, committed 2176K, reserved 1048576K
}
Event: 392.692 GC heap before
{Heap before GC invocations=15 (full 0):
 PSYoungGen      total 272896K, used 265792K [0x00000000d6000000, 0x00000000e7280000, 0x0000000100000000)
  eden space 265728K, 100% used [0x00000000d6000000,0x00000000e6380000,0x00000000e6380000)
  from space 7168K, 0% used [0x00000000e6b80000,0x00000000e6b90000,0x00000000e7280000)
  to   space 7680K, 0% used [0x00000000e6380000,0x00000000e6380000,0x00000000e6b00000)
 ParOldGen       total 86016K, used 5766K [0x0000000082000000, 0x0000000087400000, 0x00000000d6000000)
  object space 86016K, 6% used [0x0000000082000000,0x00000000825a19c8,0x0000000087400000)
 Metaspace       used 15814K, capacity 16642K, committed 16768K, reserved 1064960K
  class space    used 1882K, capacity 2085K, committed 2176K, reserved 1048576K
Event: 393.043 GC heap after
Heap after GC invocations=15 (full 0):
 PSYoungGen      total 273408K, used 32K [0x00000000d6000000, 0x00000000e7280000, 0x0000000100000000)
  eden space 265728K, 0% used [0x00000000d6000000,0x00000000d6000000,0x00000000e6380000)
  from space 7680K, 0% used [0x00000000e6380000,0x00000000e6388000,0x00000000e6b00000)
  to   space 7168K, 0% used [0x00000000e6b80000,0x00000000e6b80000,0x00000000e7280000)
 ParOldGen       total 86016K, used 5766K [0x0000000082000000, 0x0000000087400000, 0x00000000d6000000)
  object space 86016K, 6% used [0x0000000082000000,0x00000000825a19c8,0x0000000087400000)
 Metaspace       used 15814K, capacity 16642K, committed 16768K, reserved 1064960K
  class space    used 1882K, capacity 2085K, committed 2176K, reserved 1048576K
}

Deoptimization events (10 events):
Event: 16.781 Thread 0x00000000022ce800 Uncommon trap: reason=unstable_if action=reinterpret pc=0x00000000026d62d8 method=java.util.regex.Pattern$BmpCharProperty.match(Ljava/util/regex/Matcher;ILjava/lang/CharSequence;)Z @ 34
Event: 42.743 Thread 0x00000000022ce800 Uncommon trap: reason=bimorphic action=maybe_recompile pc=0x00000000027583a4 method=java.util.HashMap.putVal(ILjava/lang/Object;Ljava/lang/Object;ZZ)Ljava/lang/Object; @ 203
Event: 43.110 Thread 0x00000000022ce800 Uncommon trap: reason=bimorphic action=maybe_recompile pc=0x00000000027583a4 method=java.util.HashMap.putVal(ILjava/lang/Object;Ljava/lang/Object;ZZ)Ljava/lang/Object; @ 203
Event: 43.111 Thread 0x00000000022ce800 Uncommon trap: reason=bimorphic action=maybe_recompile pc=0x00000000027583a4 method=java.util.HashMap.putVal(ILjava/lang/Object;Ljava/lang/Object;ZZ)Ljava/lang/Object; @ 203
Event: 43.111 Thread 0x00000000022ce800 Uncommon trap: reason=bimorphic action=maybe_recompile pc=0x00000000027583a4 method=java.util.HashMap.putVal(ILjava/lang/Object;Ljava/lang/Object;ZZ)Ljava/lang/Object; @ 203
Event: 43.111 Thread 0x00000000022ce800 Uncommon trap: reason=bimorphic action=maybe_recompile pc=0x00000000026ee68c method=java.util.HashMap.putVal(ILjava/lang/Object;Ljava/lang/Object;ZZ)Ljava/lang/Object; @ 203
Event: 43.598 Thread 0x00000000022ce800 Uncommon trap: reason=class_check action=maybe_recompile pc=0x00000000028cc950 method=com.google.common.collect.RegularImmutableMap.get(Ljava/lang/Object;[Lcom/google/common/collect/ImmutableMapEntry;I)Ljava/lang/Object; @ 11
Event: 43.598 Thread 0x00000000022ce800 Uncommon trap: reason=class_check action=maybe_recompile pc=0x00000000028cc950 method=com.google.common.collect.RegularImmutableMap.get(Ljava/lang/Object;[Lcom/google/common/collect/ImmutableMapEntry;I)Ljava/lang/Object; @ 11
Event: 45.873 Thread 0x00000000022ce800 Uncommon trap: reason=class_check action=maybe_recompile pc=0x00000000028cc950 method=com.google.common.collect.RegularImmutableMap.get(Ljava/lang/Object;[Lcom/google/common/collect/ImmutableMapEntry;I)Ljava/lang/Object; @ 11
Event: 45.873 Thread 0x00000000022ce800 Uncommon trap: reason=class_check action=maybe_recompile pc=0x00000000028cc950 method=com.google.common.collect.RegularImmutableMap.get(Ljava/lang/Object;[Lcom/google/common/collect/ImmutableMapEntry;I)Ljava/lang/Object; @ 11

Classes redefined (0 events):
No events

Internal exceptions (10 events):
Event: 389.832 Thread 0x00000000022ce800 Exception <a 'java/net/SocketTimeoutException': Read timed out> (0x00000000e2cf7ce0) thrown at [C:\re\workspace\8-2-build-windows-amd64-cygwin\jdk8u202\12323\hotspot\src\share\vm\prims\jni.cpp, line 736]
Event: 390.404 Thread 0x00000000022ce800 Exception <a 'java/net/SocketTimeoutException': Read timed out> (0x00000000e374ea20) thrown at [C:\re\workspace\8-2-build-windows-amd64-cygwin\jdk8u202\12323\hotspot\src\share\vm\prims\jni.cpp, line 736]
Event: 391.700 Thread 0x00000000022ce800 Exception <a 'java/net/SocketTimeoutException': Read timed out> (0x00000000e3c90dd8) thrown at [C:\re\workspace\8-2-build-windows-amd64-cygwin\jdk8u202\12323\hotspot\src\share\vm\prims\jni.cpp, line 736]
Event: 393.050 Thread 0x00000000022ce800 Exception <a 'java/net/SocketTimeoutException': Read timed out> (0x00000000d600dc68) thrown at [C:\re\workspace\8-2-build-windows-amd64-cygwin\jdk8u202\12323\hotspot\src\share\vm\prims\jni.cpp, line 736]
Event: 394.195 Thread 0x00000000022ce800 Exception <a 'java/net/SocketTimeoutException': Read timed out> (0x00000000d6a70530) thrown at [C:\re\workspace\8-2-build-windows-amd64-cygwin\jdk8u202\12323\hotspot\src\share\vm\prims\jni.cpp, line 736]
Event: 394.899 Thread 0x00000000022ce800 Exception <a 'java/net/SocketTimeoutException': Read timed out> (0x00000000d6a9e408) thrown at [C:\re\workspace\8-2-build-windows-amd64-cygwin\jdk8u202\12323\hotspot\src\share\vm\prims\jni.cpp, line 736]
Event: 395.595 Thread 0x00000000022ce800 Exception <a 'java/net/SocketTimeoutException': Read timed out> (0x00000000d7500718) thrown at [C:\re\workspace\8-2-build-windows-amd64-cygwin\jdk8u202\12323\hotspot\src\share\vm\prims\jni.cpp, line 736]
Event: 396.829 Thread 0x00000000022ce800 Exception <a 'java/net/SocketTimeoutException': Read timed out> (0x00000000d8eb0588) thrown at [C:\re\workspace\8-2-build-windows-amd64-cygwin\jdk8u202\12323\hotspot\src\share\vm\prims\jni.cpp, line 736]
Event: 398.188 Thread 0x00000000022ce800 Exception <a 'java/net/SocketTimeoutException': Read timed out> (0x00000000dad7a428) thrown at [C:\re\workspace\8-2-build-windows-amd64-cygwin\jdk8u202\12323\hotspot\src\share\vm\prims\jni.cpp, line 736]
Event: 399.625 Thread 0x00000000022ce800 Exception <a 'java/net/SocketTimeoutException': Read timed out> (0x00000000db2c2338) thrown at [C:\re\workspace\8-2-build-windows-amd64-cygwin\jdk8u202\12323\hotspot\src\share\vm\prims\jni.cpp, line 736]

Events (10 events):
Event: 380.778 Thread 0x00000000022ce800 DEOPT UNPACKING pc=0x0000000002417890 sp=0x000000000227d298 mode 0
Event: 392.627 Executing VM operation: ParallelGCFailedAllocation
Event: 393.043 Executing VM operation: ParallelGCFailedAllocation done
Event: 394.347 Thread 0x0000000016eca000 flushing nmethod 0x0000000002822fd0
Event: 394.354 Thread 0x0000000016eca000 flushing nmethod 0x000000000286d210
Event: 394.355 Thread 0x0000000016eca000 flushing nmethod 0x0000000002880490
Event: 395.665 Thread 0x0000000018738800 flushing nmethod 0x00000000028a99d0
Event: 395.771 Thread 0x0000000018738800 flushing nmethod 0x00000000028b5390
Event: 395.835 Thread 0x0000000018738800 flushing nmethod 0x00000000028d9010
Event: 395.836 Thread 0x0000000018738800 flushing nmethod 0x00000000028e0310


Dynamic libraries:
0x00007ff6a7180000 - 0x00007ff6a71b7000 	C:\Program Files\Java\jdk1.8.0_202\bin\java.exe
0x00007ff802390000 - 0x00007ff802588000 	C:\Windows\SYSTEM32\ntdll.dll
0x00007ff800540000 - 0x00007ff800602000 	C:\Windows\System32\KERNEL32.DLL
0x00007fffffcf0000 - 0x00007ffffffee000 	C:\Windows\System32\KERNELBASE.dll
0x00007ff8003e0000 - 0x00007ff800492000 	C:\Windows\System32\ADVAPI32.dll
0x00007ff801ff0000 - 0x00007ff80208e000 	C:\Windows\System32\msvcrt.dll
0x00007ff8004a0000 - 0x00007ff800540000 	C:\Windows\System32\sechost.dll
0x00007ff8007c0000 - 0x00007ff8008e3000 	C:\Windows\System32\RPCRT4.dll
0x00007fffffcc0000 - 0x00007fffffce7000 	C:\Windows\System32\bcrypt.dll
0x00007ff800610000 - 0x00007ff8007ad000 	C:\Windows\System32\USER32.dll
0x00007ff800100000 - 0x00007ff800122000 	C:\Windows\System32\win32u.dll
0x00007ff8009a0000 - 0x00007ff8009cb000 	C:\Windows\System32\GDI32.dll
0x00007ff8001a0000 - 0x00007ff8002b7000 	C:\Windows\System32\gdi32full.dll
0x00007ff8002c0000 - 0x00007ff80035d000 	C:\Windows\System32\msvcp_win.dll
0x00007ff800000000 - 0x00007ff800100000 	C:\Windows\System32\ucrtbase.dll
0x00007ffff4630000 - 0x00007ffff48ca000 	C:\Windows\WinSxS\amd64_microsoft.windows.common-controls_6595b64144ccf1df_6.0.19041.4355_none_60b8b9eb71f62e16\COMCTL32.dll
0x00007ff8003b0000 - 0x00007ff8003df000 	C:\Windows\System32\IMM32.DLL
0x000000006dc60000 - 0x000000006dd32000 	C:\Program Files\Java\jdk1.8.0_202\jre\bin\msvcr100.dll
0x000000006d3b0000 - 0x000000006dc55000 	C:\Program Files\Java\jdk1.8.0_202\jre\bin\server\jvm.dll
0x00007ff800ac0000 - 0x00007ff800ac8000 	C:\Windows\System32\PSAPI.DLL
0x00007ffff2bb0000 - 0x00007ffff2bb9000 	C:\Windows\SYSTEM32\WSOCK32.dll
0x00007ff8009d0000 - 0x00007ff800a3b000 	C:\Windows\System32\WS2_32.dll
0x00007ffff2bc0000 - 0x00007ffff2be7000 	C:\Windows\SYSTEM32\WINMM.dll
0x00007ffff9f00000 - 0x00007ffff9f0a000 	C:\Windows\SYSTEM32\VERSION.dll
0x00007fffcd060000 - 0x00007fffcd06f000 	C:\Program Files\Java\jdk1.8.0_202\jre\bin\verify.dll
0x00007fffc1280000 - 0x00007fffc12a9000 	C:\Program Files\Java\jdk1.8.0_202\jre\bin\java.dll
0x00007fffc7d20000 - 0x00007fffc7d36000 	C:\Program Files\Java\jdk1.8.0_202\jre\bin\zip.dll
0x00007ff801880000 - 0x00007ff801fef000 	C:\Windows\System32\SHELL32.dll
0x00007ffffd790000 - 0x00007ffffdf34000 	C:\Windows\SYSTEM32\windows.storage.dll
0x00007ff801200000 - 0x00007ff801553000 	C:\Windows\System32\combase.dll
0x00007fffff380000 - 0x00007fffff3ae000 	C:\Windows\SYSTEM32\Wldp.dll
0x00007ff802170000 - 0x00007ff80223d000 	C:\Windows\System32\OLEAUT32.dll
0x00007ff8008f0000 - 0x00007ff80099d000 	C:\Windows\System32\SHCORE.dll
0x00007ff801820000 - 0x00007ff801875000 	C:\Windows\System32\shlwapi.dll
0x00007fffff950000 - 0x00007fffff974000 	C:\Windows\SYSTEM32\profapi.dll
0x00007fffc1660000 - 0x00007fffc167a000 	C:\Program Files\Java\jdk1.8.0_202\jre\bin\net.dll
0x00007ffff4290000 - 0x00007ffff447c000 	C:\Windows\SYSTEM32\urlmon.dll
0x00007ffff2d10000 - 0x00007ffff2fce000 	C:\Windows\SYSTEM32\iertutil.dll
0x00007ffff2060000 - 0x00007ffff2088000 	C:\Windows\SYSTEM32\srvcli.dll
0x00007ffffeed0000 - 0x00007ffffeedc000 	C:\Windows\SYSTEM32\netutils.dll
0x00007fffff0e0000 - 0x00007fffff14a000 	C:\Windows\system32\mswsock.dll
0x00007ffffee00000 - 0x00007ffffeeca000 	C:\Windows\SYSTEM32\DNSAPI.dll
0x00007ffffedc0000 - 0x00007ffffedfb000 	C:\Windows\SYSTEM32\IPHLPAPI.DLL
0x00007ff8007b0000 - 0x00007ff8007b8000 	C:\Windows\System32\NSI.dll
0x00007ffff4d70000 - 0x00007ffff4d7a000 	C:\Windows\System32\rasadhlp.dll
0x00007ffff4f80000 - 0x00007ffff5000000 	C:\Windows\System32\fwpuclnt.dll
0x00007fffdf030000 - 0x00007fffdf054000 	C:\Program Files\Java\jdk1.8.0_202\jre\bin\sunec.dll
0x00007fffeae70000 - 0x00007fffeae7b000 	C:\Program Files\Java\jdk1.8.0_202\jre\bin\sunmscapi.dll
0x00007fffffab0000 - 0x00007fffffc0c000 	C:\Windows\System32\CRYPT32.dll
0x00007ffff6ae0000 - 0x00007ffff6af7000 	C:\Windows\SYSTEM32\dhcpcsvc6.DLL
0x00007ffff7150000 - 0x00007ffff716d000 	C:\Windows\SYSTEM32\dhcpcsvc.DLL
0x00007fffbdac0000 - 0x00007fffbdad2000 	C:\Program Files\Java\jdk1.8.0_202\jre\bin\nio.dll
0x00007fffff2e0000 - 0x00007fffff2f8000 	C:\Windows\SYSTEM32\CRYPTSP.dll
0x00007ffffea00000 - 0x00007ffffea34000 	C:\Windows\system32\rsaenh.dll
0x00007fffff910000 - 0x00007fffff93e000 	C:\Windows\SYSTEM32\USERENV.dll
0x00007fffffa20000 - 0x00007fffffaa2000 	C:\Windows\System32\bcryptprimitives.dll
0x00007fffff2d0000 - 0x00007fffff2dc000 	C:\Windows\SYSTEM32\CRYPTBASE.dll
0x00007fffeacf0000 - 0x00007fffead07000 	C:\Windows\system32\napinsp.dll
0x00007fffcfd40000 - 0x00007fffcfd5b000 	C:\Windows\system32\pnrpnsp.dll
0x00007ffffb2f0000 - 0x00007ffffb305000 	C:\Windows\system32\wshbth.dll
0x00007ffff8750000 - 0x00007ffff876d000 	C:\Windows\system32\NLAapi.dll
0x00007fffc8050000 - 0x00007fffc8062000 	C:\Windows\System32\winrnr.dll

VM Arguments:
jvm_args: -ea -Dfile.encoding=UTF-8 
java_command: org.eclipse.jdt.internal.junit.runner.RemoteTestRunner -version 3 -port 62796 -testLoaderClass org.eclipse.jdt.internal.junit4.runner.JUnit4TestLoader -loaderpluginname org.eclipse.jdt.junit4.runtime -test automatizado.Teste.EcommerceTeste:TC004_Venda_Multiplas_datas
java_class_path (initial): c:\Users\Gustavo Zanotto\Desktop\Importante\Teste de QA\Projetos\automatizado\target\test-classes;c:\Users\Gustavo Zanotto\Desktop\Importante\Teste de QA\Projetos\automatizado\target\classes;c:\Users\Gustavo Zanotto\.m2\repository\junit\junit\4.11\junit-4.11.jar;c:\Users\Gustavo Zanotto\.m2\repository\org\hamcrest\hamcrest-core\1.3\hamcrest-core-1.3.jar;c:\Users\Gustavo Zanotto\.m2\repository\org\seleniumhq\selenium\selenium-chrome-driver\3.141.59\selenium-chrome-driver-3.141.59.jar;c:\Users\Gustavo Zanotto\.m2\repository\org\seleniumhq\selenium\selenium-api\3.141.59\selenium-api-3.141.59.jar;c:\Users\Gustavo Zanotto\.m2\repository\org\seleniumhq\selenium\selenium-remote-driver\3.141.59\selenium-remote-driver-3.141.59.jar;c:\Users\Gustavo Zanotto\.m2\repository\net\bytebuddy\byte-buddy\1.8.15\byte-buddy-1.8.15.jar;c:\Users\Gustavo Zanotto\.m2\repository\org\apache\commons\commons-exec\1.3\commons-exec-1.3.jar;c:\Users\Gustavo Zanotto\.m2\repository\com\google\guava\guava\25.0-jre\guava-25.0-jre.jar;c:\Users\Gustavo Zanotto\.m2\repository\com\google\code\findbugs\jsr305\1.3.9\jsr305-1.3.9.jar;c:\Users\Gustavo Zanotto\.m2\repository\org\checkerframework\checker-compat-qual\2.0.0\checker-compat-qual-2.0.0.jar;c:\Users\Gustavo Zanotto\.m2\repository\com\google\errorprone\error_prone_annotations\2.1.3\error_prone_annotations-2.1.3.jar;c:\Users\Gustavo Zanotto\.m2\repository\com\google\j2objc\j2objc-annotations\1.1\j2objc-annotations-1.1.jar;c:\Users\Gustavo Zanotto\.m2\repository\org\codehaus\mojo\animal-sniffer-annotations\1.14\animal-sniffer-annotations-1.14.jar;c:\Users\Gustavo Zanotto\.m2\repository\com\squareup\okhttp3\okhttp\3.11.0\okhttp-3.11.0.jar;c:\Users\Gustavo Zanotto\.m2\repository\com\squareup\okio\okio\1.14.0\okio-1.14.0.jar;c:\Users\Gustavo Zanotto\.m2\repository\org\seleniumhq\selenium\selenium-support\3.141.59\selenium-support-3.141.59.jar;c:\Users\Gustavo Zanotto\AppData\Roaming\Code\User\globalStorage\redhat.java\1.35.1\co
Launcher Type: SUN_STANDARD

Environment Variables:
JAVA_HOME=C:\Program Files\Java\jdk1.8.0_202
PATH=C:\Program Files (x86)\Common Files\Oracle\Java\javapath;C:\Windows\system32;C:\Windows;C:\Windows\System32\Wbem;C:\Windows\System32\WindowsPowerShell\v1.0\;C:\Windows\System32\OpenSSH\;C:\Program Files\Java\jdk1.8.0_202\bin;C:\Users\Gustavo Zanotto\Desktop\Importante\Teste de QA\Arquivos\apache-maven-3.9.9\bin;C:\Users\Gustavo Zanotto\AppData\Local\Microsoft\WindowsApps;C:\Users\Gustavo Zanotto\AppData\Local\Programs\Microsoft VS Code\bin
USERNAME=Gustavo Zanotto
OS=Windows_NT
PROCESSOR_IDENTIFIER=Intel64 Family 6 Model 78 Stepping 3, GenuineIntel



---------------  S Y S T E M  ---------------

OS: Windows 10.0 , 64 bit Build 19041 (10.0.19041.4957)

CPU:total 4 (initial active 4) (2 cores per cpu, 2 threads per core) family 6 model 78 stepping 3, cmov, cx8, fxsr, mmx, sse, sse2, sse3, ssse3, sse4.1, sse4.2, popcnt, avx, avx2, aes, clmul, erms, 3dnowpref, lzcnt, ht, tsc, tscinvbit, bmi1, bmi2, adx

Memory: 4k page, physical 8251504k(23436k free), swap 33417328k(208k free)

vm_info: Java HotSpot(TM) 64-Bit Server VM (25.202-b08) for windows-amd64 JRE (1.8.0_202-b08), built on Dec 15 2018 19:54:30 by "java_re" with MS VC++ 10.0 (VS2010)

time: Mon Oct 28 17:04:18 2024
timezone: Hora oficial do Brasil
elapsed time: 401 seconds (0d 0h 6m 41s)

