#
# There is insufficient memory for the Java Runtime Environment to continue.
# Native memory allocation (malloc) failed to allocate 32744 bytes for ChunkPool::allocate
# Possible reasons:
#   The system is out of physical RAM or swap space
#   The process is running with CompressedOops enabled, and the Java Heap may be blocking the growth of the native heap
# Possible solutions:
#   Reduce memory load on the system
#   Increase physical memory or swap space
#   Check if swap backing store is full
#   Decrease Java heap size (-Xmx/-Xms)
#   Decrease number of Java threads
#   Decrease Java thread stack sizes (-Xss)
#   Set larger code cache with -XX:ReservedCodeCacheSize=
#   JVM is running with Unscaled Compressed Oops mode in which the Java heap is
#     placed in the first 4GB address space. The Java Heap base address is the
#     maximum limit for the native heap growth. Please use -XX:HeapBaseMinAddress
#     to set the Java Heap base and to place the Java Heap above 4GB virtual address.
# This output file may be truncated or incomplete.
#
#  Out of Memory Error (allocation.cpp:272), pid=7536, tid=0x000000000000afec
#
# JRE version: Java(TM) SE Runtime Environment (8.0_202-b08) (build 1.8.0_202-b08)
# Java VM: Java HotSpot(TM) 64-Bit Server VM (25.202-b08 mixed mode windows-amd64 compressed oops)
# Failed to write core dump. Minidumps are not enabled by default on client versions of Windows
#

---------------  T H R E A D  ---------------

Current thread (0x000000001760b000):  JavaThread "C2 CompilerThread1" daemon [_thread_in_native, id=45036, stack(0x0000000018d70000,0x0000000018e70000)]

Stack: [0x0000000018d70000,0x0000000018e70000]
[error occurred during error reporting (printing stack bounds), id 0xc0000005]

Native frames: (J=compiled Java code, j=interpreted, Vv=VM code, C=native code)


Current CompileTask:
C2:1856704 3286       4       com.google.common.collect.AbstractListMultimap::removeAll (6 bytes)


---------------  P R O C E S S  ---------------

Java Threads: ( => current thread )
  0x0000000019b3d800 JavaThread "Okio Watchdog" daemon [_thread_blocked, id=22372, stack(0x000000001aeb0000,0x000000001afb0000)]
  0x000000001926b800 JavaThread "OkHttp ConnectionPool" daemon [_thread_blocked, id=44496, stack(0x000000001adb0000,0x000000001aeb0000)]
  0x000000001995c000 JavaThread "Exec Stream Pumper" daemon [_thread_in_native, id=40644, stack(0x000000001a7b0000,0x000000001a8b0000)]
  0x0000000019953000 JavaThread "Exec Stream Pumper" daemon [_thread_in_native, id=41248, stack(0x000000001a6b0000,0x000000001a7b0000)]
  0x000000001994d800 JavaThread "Exec Default Executor" daemon [_thread_in_native, id=24940, stack(0x000000001a3b0000,0x000000001a4b0000)]
  0x0000000019054000 JavaThread "ReaderThread" [_thread_in_Java, id=44872, stack(0x0000000019570000,0x0000000019670000)]
  0x000000001765e800 JavaThread "Service Thread" daemon [_thread_blocked, id=45040, stack(0x0000000019370000,0x0000000019470000)]
  0x0000000018e78800 JavaThread "C1 CompilerThread2" daemon [_thread_blocked, id=42728, stack(0x0000000019270000,0x0000000019370000)]
=>0x000000001760b000 JavaThread "C2 CompilerThread1" daemon [_thread_in_native, id=45036, stack(0x0000000018d70000,0x0000000018e70000)]
  0x0000000017609000 JavaThread "C2 CompilerThread0" daemon [_thread_in_native, id=44060, stack(0x0000000018c70000,0x0000000018d70000)]
  0x0000000017607000 JavaThread "Attach Listener" daemon [_thread_blocked, id=43768, stack(0x0000000018b70000,0x0000000018c70000)]
  0x0000000017606000 JavaThread "Signal Dispatcher" daemon [_thread_blocked, id=33984, stack(0x0000000018a70000,0x0000000018b70000)]
  0x0000000002b0b800 JavaThread "Finalizer" daemon [_thread_blocked, id=44968, stack(0x0000000018860000,0x0000000018960000)]
  0x0000000002b03000 JavaThread "Reference Handler" daemon [_thread_blocked, id=43672, stack(0x0000000018760000,0x0000000018860000)]
  0x0000000002a0e800 JavaThread "main" [_thread_blocked, id=44056, stack(0x0000000002810000,0x0000000002910000)]

Other Threads:
  0x00000000175c7000 VMThread [stack: 0x0000000018660000,0x0000000018760000] [id=45024]
  0x0000000018e94000 WatcherThread [stack: 0x0000000019470000,0x0000000019570000] [id=43184]

VM state:not at safepoint (normal execution)

VM Mutex/Monitor currently owned by a thread: None

heap address: 0x0000000082000000, size: 2016 MB, Compressed Oops mode: 32-bit
Narrow klass base: 0x0000000000000000, Narrow klass shift: 3
Compressed class space size: 1073741824 Address: 0x0000000100000000

Heap:
 PSYoungGen      total 686592K, used 55572K [0x00000000d6000000, 0x0000000100000000, 0x0000000100000000)
  eden space 685056K, 8% used [0x00000000d6000000,0x00000000d962d070,0x00000000ffd00000)
  from space 1536K, 6% used [0x00000000ffd00000,0x00000000ffd18000,0x00000000ffe80000)
  to   space 1536K, 0% used [0x00000000ffe80000,0x00000000ffe80000,0x0000000100000000)
 ParOldGen       total 86016K, used 5958K [0x0000000082000000, 0x0000000087400000, 0x00000000d6000000)
  object space 86016K, 6% used [0x0000000082000000,0x00000000825d1a90,0x0000000087400000)
 Metaspace       used 15851K, capacity 16642K, committed 16768K, reserved 1064960K
  class space    used 1883K, capacity 2085K, committed 2176K, reserved 1048576K

Card table byte_map: [0x0000000011ed0000,0x00000000122d0000] byte_map_base: 0x0000000011ac0000

Marking Bits: (ParMarkBitMap*) 0x000000006dbd5ce0
 Begin Bits: [0x0000000012970000, 0x00000000148f0000)
 End Bits:   [0x00000000148f0000, 0x0000000016870000)

Polling page: 0x0000000002740000

CodeCache: size=245760Kb used=9602Kb max_used=9614Kb free=236157Kb
 bounds [0x0000000002b10000, 0x0000000003490000, 0x0000000011b10000]
 total_blobs=3241 nmethods=2839 adapters=314
 compilation: enabled

Compilation events (10 events):
Event: 1782.841 Thread 0x0000000017609000 nmethod 3281 0x000000000343fc50 code [0x000000000343fe00, 0x0000000003440598]
Event: 1782.842 Thread 0x0000000017609000 3283       4       org.openqa.selenium.json.MapCoercer$$Lambda$103/11902257::apply (24 bytes)
Event: 1782.842 Thread 0x000000001760b000 nmethod 3282 0x0000000003127950 code [0x0000000003127ac0, 0x0000000003127c28]
Event: 1783.098 Thread 0x0000000017609000 nmethod 3283 0x00000000030fb2d0 code [0x00000000030fb940, 0x00000000030fd6b8]
Event: 1793.354 Thread 0x000000001760b000 3284       4       java.util.TreeMap$EntrySpliterator::characteristics (21 bytes)
Event: 1793.379 Thread 0x000000001760b000 nmethod 3284 0x000000000301bfd0 code [0x000000000301c100, 0x000000000301c178]
Event: 1822.293 Thread 0x0000000017609000 3285       4       java.util.HashMap::remove (26 bytes)
Event: 1827.649 Thread 0x0000000017609000 nmethod 3285 0x00000000033dc910 code [0x00000000033dca80, 0x00000000033dcf58]
Event: 1850.346 Thread 0x000000001760b000 3286       4       com.google.common.collect.AbstractListMultimap::removeAll (6 bytes)
Event: 1850.573 Thread 0x0000000017609000 3287       4       com.google.common.collect.ArrayListMultimap::removeAll (6 bytes)

GC Heap History (10 events):
Event: 1682.182 GC heap before
{Heap before GC invocations=41 (full 0):
 PSYoungGen      total 464384K, used 463392K [0x00000000d6000000, 0x00000000f2780000, 0x0000000100000000)
  eden space 463360K, 100% used [0x00000000d6000000,0x00000000f2480000,0x00000000f2480000)
  from space 1024K, 3% used [0x00000000f2680000,0x00000000f2688000,0x00000000f2780000)
  to   space 1536K, 0% used [0x00000000f2480000,0x00000000f2480000,0x00000000f2600000)
 ParOldGen       total 86016K, used 5950K [0x0000000082000000, 0x0000000087400000, 0x00000000d6000000)
  object space 86016K, 6% used [0x0000000082000000,0x00000000825cfa90,0x0000000087400000)
 Metaspace       used 15851K, capacity 16642K, committed 16768K, reserved 1064960K
  class space    used 1883K, capacity 2085K, committed 2176K, reserved 1048576K
Event: 1682.794 GC heap after
Heap after GC invocations=41 (full 0):
 PSYoungGen      total 464896K, used 64K [0x00000000d6000000, 0x00000000f8b80000, 0x0000000100000000)
  eden space 463360K, 0% used [0x00000000d6000000,0x00000000d6000000,0x00000000f2480000)
  from space 1536K, 4% used [0x00000000f2480000,0x00000000f2490000,0x00000000f2600000)
  to   space 1536K, 0% used [0x00000000f8a00000,0x00000000f8a00000,0x00000000f8b80000)
 ParOldGen       total 86016K, used 5958K [0x0000000082000000, 0x0000000087400000, 0x00000000d6000000)
  object space 86016K, 6% used [0x0000000082000000,0x00000000825d1a90,0x0000000087400000)
 Metaspace       used 15851K, capacity 16642K, committed 16768K, reserved 1064960K
  class space    used 1883K, capacity 2085K, committed 2176K, reserved 1048576K
}
Event: 1717.644 GC heap before
{Heap before GC invocations=42 (full 0):
 PSYoungGen      total 464896K, used 463424K [0x00000000d6000000, 0x00000000f8b80000, 0x0000000100000000)
  eden space 463360K, 100% used [0x00000000d6000000,0x00000000f2480000,0x00000000f2480000)
  from space 1536K, 4% used [0x00000000f2480000,0x00000000f2490000,0x00000000f2600000)
  to   space 1536K, 0% used [0x00000000f8a00000,0x00000000f8a00000,0x00000000f8b80000)
 ParOldGen       total 86016K, used 5958K [0x0000000082000000, 0x0000000087400000, 0x00000000d6000000)
  object space 86016K, 6% used [0x0000000082000000,0x00000000825d1a90,0x0000000087400000)
 Metaspace       used 15851K, capacity 16642K, committed 16768K, reserved 1064960K
  class space    used 1883K, capacity 2085K, committed 2176K, reserved 1048576K
Event: 1717.815 GC heap after
Heap after GC invocations=42 (full 0):
 PSYoungGen      total 567296K, used 96K [0x00000000d6000000, 0x00000000f8b80000, 0x0000000100000000)
  eden space 565760K, 0% used [0x00000000d6000000,0x00000000d6000000,0x00000000f8880000)
  from space 1536K, 6% used [0x00000000f8a00000,0x00000000f8a18000,0x00000000f8b80000)
  to   space 1536K, 0% used [0x00000000f8880000,0x00000000f8880000,0x00000000f8a00000)
 ParOldGen       total 86016K, used 5958K [0x0000000082000000, 0x0000000087400000, 0x00000000d6000000)
  object space 86016K, 6% used [0x0000000082000000,0x00000000825d1a90,0x0000000087400000)
 Metaspace       used 15851K, capacity 16642K, committed 16768K, reserved 1064960K
  class space    used 1883K, capacity 2085K, committed 2176K, reserved 1048576K
}
Event: 1745.876 GC heap before
{Heap before GC invocations=43 (full 0):
 PSYoungGen      total 567296K, used 565856K [0x00000000d6000000, 0x00000000f8b80000, 0x0000000100000000)
  eden space 565760K, 100% used [0x00000000d6000000,0x00000000f8880000,0x00000000f8880000)
  from space 1536K, 6% used [0x00000000f8a00000,0x00000000f8a18000,0x00000000f8b80000)
  to   space 1536K, 0% used [0x00000000f8880000,0x00000000f8880000,0x00000000f8a00000)
 ParOldGen       total 86016K, used 5958K [0x0000000082000000, 0x0000000087400000, 0x00000000d6000000)
  object space 86016K, 6% used [0x0000000082000000,0x00000000825d1a90,0x0000000087400000)
 Metaspace       used 15851K, capacity 16642K, committed 16768K, reserved 1064960K
  class space    used 1883K, capacity 2085K, committed 2176K, reserved 1048576K
Event: 1746.525 GC heap after
Heap after GC invocations=43 (full 0):
 PSYoungGen      total 567296K, used 64K [0x00000000d6000000, 0x0000000100000000, 0x0000000100000000)
  eden space 565760K, 0% used [0x00000000d6000000,0x00000000d6000000,0x00000000f8880000)
  from space 1536K, 4% used [0x00000000f8880000,0x00000000f8890000,0x00000000f8a00000)
  to   space 1536K, 0% used [0x00000000ffe80000,0x00000000ffe80000,0x0000000100000000)
 ParOldGen       total 86016K, used 5958K [0x0000000082000000, 0x0000000087400000, 0x00000000d6000000)
  object space 86016K, 6% used [0x0000000082000000,0x00000000825d1a90,0x0000000087400000)
 Metaspace       used 15851K, capacity 16642K, committed 16768K, reserved 1064960K
  class space    used 1883K, capacity 2085K, committed 2176K, reserved 1048576K
}
Event: 1767.347 GC heap before
{Heap before GC invocations=44 (full 0):
 PSYoungGen      total 567296K, used 565824K [0x00000000d6000000, 0x0000000100000000, 0x0000000100000000)
  eden space 565760K, 100% used [0x00000000d6000000,0x00000000f8880000,0x00000000f8880000)
  from space 1536K, 4% used [0x00000000f8880000,0x00000000f8890000,0x00000000f8a00000)
  to   space 1536K, 0% used [0x00000000ffe80000,0x00000000ffe80000,0x0000000100000000)
 ParOldGen       total 86016K, used 5958K [0x0000000082000000, 0x0000000087400000, 0x00000000d6000000)
  object space 86016K, 6% used [0x0000000082000000,0x00000000825d1a90,0x0000000087400000)
 Metaspace       used 15851K, capacity 16642K, committed 16768K, reserved 1064960K
  class space    used 1883K, capacity 2085K, committed 2176K, reserved 1048576K
Event: 1767.699 GC heap after
Heap after GC invocations=44 (full 0):
 PSYoungGen      total 686592K, used 64K [0x00000000d6000000, 0x0000000100000000, 0x0000000100000000)
  eden space 685056K, 0% used [0x00000000d6000000,0x00000000d6000000,0x00000000ffd00000)
  from space 1536K, 4% used [0x00000000ffe80000,0x00000000ffe90000,0x0000000100000000)
  to   space 1536K, 0% used [0x00000000ffd00000,0x00000000ffd00000,0x00000000ffe80000)
 ParOldGen       total 86016K, used 5958K [0x0000000082000000, 0x0000000087400000, 0x00000000d6000000)
  object space 86016K, 6% used [0x0000000082000000,0x00000000825d1a90,0x0000000087400000)
 Metaspace       used 15851K, capacity 16642K, committed 16768K, reserved 1064960K
  class space    used 1883K, capacity 2085K, committed 2176K, reserved 1048576K
}
Event: 1829.576 GC heap before
{Heap before GC invocations=45 (full 0):
 PSYoungGen      total 686592K, used 685120K [0x00000000d6000000, 0x0000000100000000, 0x0000000100000000)
  eden space 685056K, 100% used [0x00000000d6000000,0x00000000ffd00000,0x00000000ffd00000)
  from space 1536K, 4% used [0x00000000ffe80000,0x00000000ffe90000,0x0000000100000000)
  to   space 1536K, 0% used [0x00000000ffd00000,0x00000000ffd00000,0x00000000ffe80000)
 ParOldGen       total 86016K, used 5958K [0x0000000082000000, 0x0000000087400000, 0x00000000d6000000)
  object space 86016K, 6% used [0x0000000082000000,0x00000000825d1a90,0x0000000087400000)
 Metaspace       used 15851K, capacity 16642K, committed 16768K, reserved 1064960K
  class space    used 1883K, capacity 2085K, committed 2176K, reserved 1048576K
Event: 1843.750 GC heap after
Heap after GC invocations=45 (full 0):
 PSYoungGen      total 686592K, used 96K [0x00000000d6000000, 0x0000000100000000, 0x0000000100000000)
  eden space 685056K, 0% used [0x00000000d6000000,0x00000000d6000000,0x00000000ffd00000)
  from space 1536K, 6% used [0x00000000ffd00000,0x00000000ffd18000,0x00000000ffe80000)
  to   space 1536K, 0% used [0x00000000ffe80000,0x00000000ffe80000,0x0000000100000000)
 ParOldGen       total 86016K, used 5958K [0x0000000082000000, 0x0000000087400000, 0x00000000d6000000)
  object space 86016K, 6% used [0x0000000082000000,0x00000000825d1a90,0x0000000087400000)
 Metaspace       used 15851K, capacity 16642K, committed 16768K, reserved 1064960K
  class space    used 1883K, capacity 2085K, committed 2176K, reserved 1048576K
}

Deoptimization events (10 events):
Event: 9.619 Thread 0x0000000002a0e800 Uncommon trap: reason=bimorphic action=maybe_recompile pc=0x0000000002e2e750 method=java.util.HashMap.putVal(ILjava/lang/Object;Ljava/lang/Object;ZZ)Ljava/lang/Object; @ 203
Event: 147.560 Thread 0x0000000002a0e800 Uncommon trap: reason=class_check action=maybe_recompile pc=0x000000000325c974 method=java.util.stream.AbstractPipeline.wrapAndCopyInto(Ljava/util/stream/Sink;Ljava/util/Spliterator;)Ljava/util/stream/Sink; @ 6
Event: 147.561 Thread 0x0000000002a0e800 Uncommon trap: reason=class_check action=maybe_recompile pc=0x000000000325c974 method=java.util.stream.AbstractPipeline.wrapAndCopyInto(Ljava/util/stream/Sink;Ljava/util/Spliterator;)Ljava/util/stream/Sink; @ 6
Event: 147.561 Thread 0x0000000002a0e800 Uncommon trap: reason=class_check action=maybe_recompile pc=0x000000000325c974 method=java.util.stream.AbstractPipeline.wrapAndCopyInto(Ljava/util/stream/Sink;Ljava/util/Spliterator;)Ljava/util/stream/Sink; @ 6
Event: 147.561 Thread 0x0000000002a0e800 Uncommon trap: reason=class_check action=maybe_recompile pc=0x000000000325c974 method=java.util.stream.AbstractPipeline.wrapAndCopyInto(Ljava/util/stream/Sink;Ljava/util/Spliterator;)Ljava/util/stream/Sink; @ 6
Event: 457.366 Thread 0x0000000002a0e800 Uncommon trap: reason=predicate action=maybe_recompile pc=0x00000000033de778 method=com.google.common.collect.RegularImmutableMap.fromEntryArray(I[Ljava/util/Map$Entry;)Lcom/google/common/collect/ImmutableMap; @ 62
Event: 472.058 Thread 0x0000000002a0e800 Uncommon trap: reason=array_check action=maybe_recompile pc=0x00000000033dd35c method=com.google.common.collect.RegularImmutableMap.fromEntryArray(I[Ljava/util/Map$Entry;)Lcom/google/common/collect/ImmutableMap; @ 157
Event: 472.626 Thread 0x0000000002a0e800 Uncommon trap: reason=array_check action=maybe_recompile pc=0x00000000033dd35c method=com.google.common.collect.RegularImmutableMap.fromEntryArray(I[Ljava/util/Map$Entry;)Lcom/google/common/collect/ImmutableMap; @ 157
Event: 473.196 Thread 0x0000000002a0e800 Uncommon trap: reason=array_check action=maybe_recompile pc=0x00000000033dd35c method=com.google.common.collect.RegularImmutableMap.fromEntryArray(I[Ljava/util/Map$Entry;)Lcom/google/common/collect/ImmutableMap; @ 157
Event: 473.723 Thread 0x0000000002a0e800 Uncommon trap: reason=array_check action=maybe_recompile pc=0x00000000033dd35c method=com.google.common.collect.RegularImmutableMap.fromEntryArray(I[Ljava/util/Map$Entry;)Lcom/google/common/collect/ImmutableMap; @ 157

Classes redefined (0 events):
No events

Internal exceptions (10 events):
Event: 1817.209 Thread 0x0000000002a0e800 Exception <a 'java/net/SocketTimeoutException': Read timed out> (0x00000000f5331f78) thrown at [C:\re\workspace\8-2-build-windows-amd64-cygwin\jdk8u202\12323\hotspot\src\share\vm\prims\jni.cpp, line 736]
Event: 1817.939 Thread 0x0000000002a0e800 Exception <a 'java/net/SocketTimeoutException': Read timed out> (0x00000000f6da11c0) thrown at [C:\re\workspace\8-2-build-windows-amd64-cygwin\jdk8u202\12323\hotspot\src\share\vm\prims\jni.cpp, line 736]
Event: 1818.522 Thread 0x0000000002a0e800 Exception <a 'java/net/SocketTimeoutException': Read timed out> (0x00000000f7aef718) thrown at [C:\re\workspace\8-2-build-windows-amd64-cygwin\jdk8u202\12323\hotspot\src\share\vm\prims\jni.cpp, line 736]
Event: 1819.347 Thread 0x0000000002a0e800 Exception <a 'java/net/SocketTimeoutException': Read timed out> (0x00000000f7b1af58) thrown at [C:\re\workspace\8-2-build-windows-amd64-cygwin\jdk8u202\12323\hotspot\src\share\vm\prims\jni.cpp, line 736]
Event: 1822.242 Thread 0x0000000002a0e800 Exception <a 'java/net/SocketTimeoutException': Read timed out> (0x00000000f886b4c0) thrown at [C:\re\workspace\8-2-build-windows-amd64-cygwin\jdk8u202\12323\hotspot\src\share\vm\prims\jni.cpp, line 736]
Event: 1823.672 Thread 0x0000000002a0e800 Exception <a 'java/net/SocketTimeoutException': Read timed out> (0x00000000faffb410) thrown at [C:\re\workspace\8-2-build-windows-amd64-cygwin\jdk8u202\12323\hotspot\src\share\vm\prims\jni.cpp, line 736]
Event: 1829.056 Thread 0x0000000002a0e800 Exception <a 'java/net/SocketTimeoutException': Read timed out> (0x00000000fe4ac038) thrown at [C:\re\workspace\8-2-build-windows-amd64-cygwin\jdk8u202\12323\hotspot\src\share\vm\prims\jni.cpp, line 736]
Event: 1847.582 Thread 0x0000000002a0e800 Exception <a 'java/net/SocketTimeoutException': Read timed out> (0x00000000d602d040) thrown at [C:\re\workspace\8-2-build-windows-amd64-cygwin\jdk8u202\12323\hotspot\src\share\vm\prims\jni.cpp, line 736]
Event: 1849.123 Thread 0x0000000002a0e800 Exception <a 'java/net/SocketTimeoutException': Read timed out> (0x00000000d6d7b7e8) thrown at [C:\re\workspace\8-2-build-windows-amd64-cygwin\jdk8u202\12323\hotspot\src\share\vm\prims\jni.cpp, line 736]
Event: 1850.762 Thread 0x0000000002a0e800 Exception <a 'java/net/SocketTimeoutException': Read timed out> (0x00000000d7ac9c58) thrown at [C:\re\workspace\8-2-build-windows-amd64-cygwin\jdk8u202\12323\hotspot\src\share\vm\prims\jni.cpp, line 736]

Events (10 events):
Event: 1682.016 Executing VM operation: ParallelGCFailedAllocation
Event: 1682.795 Executing VM operation: ParallelGCFailedAllocation done
Event: 1717.626 Executing VM operation: ParallelGCFailedAllocation
Event: 1717.816 Executing VM operation: ParallelGCFailedAllocation done
Event: 1745.876 Executing VM operation: ParallelGCFailedAllocation
Event: 1746.525 Executing VM operation: ParallelGCFailedAllocation done
Event: 1767.288 Executing VM operation: ParallelGCFailedAllocation
Event: 1767.700 Executing VM operation: ParallelGCFailedAllocation done
Event: 1829.201 Executing VM operation: ParallelGCFailedAllocation
Event: 1843.817 Executing VM operation: ParallelGCFailedAllocation done


Dynamic libraries:
0x00007ff6a7180000 - 0x00007ff6a71b7000 	C:\Program Files\Java\jdk1.8.0_202\bin\java.exe
0x00007ff802390000 - 0x00007ff802588000 	C:\Windows\SYSTEM32\ntdll.dll
0x00007ff800540000 - 0x00007ff800602000 	C:\Windows\System32\KERNEL32.DLL
0x00007fffffcf0000 - 0x00007ffffffee000 	C:\Windows\System32\KERNELBASE.dll
0x00007ff8003e0000 - 0x00007ff800492000 	C:\Windows\System32\ADVAPI32.dll
0x00007ff801ff0000 - 0x00007ff80208e000 	C:\Windows\System32\msvcrt.dll
0x00007ff8004a0000 - 0x00007ff800540000 	C:\Windows\System32\sechost.dll
0x00007ff8007c0000 - 0x00007ff8008e3000 	C:\Windows\System32\RPCRT4.dll
0x00007fffffcc0000 - 0x00007fffffce7000 	C:\Windows\System32\bcrypt.dll
0x00007ff800610000 - 0x00007ff8007ad000 	C:\Windows\System32\USER32.dll
0x00007ff800100000 - 0x00007ff800122000 	C:\Windows\System32\win32u.dll
0x00007ff8009a0000 - 0x00007ff8009cb000 	C:\Windows\System32\GDI32.dll
0x00007ff8001a0000 - 0x00007ff8002b7000 	C:\Windows\System32\gdi32full.dll
0x00007ff8002c0000 - 0x00007ff80035d000 	C:\Windows\System32\msvcp_win.dll
0x00007ff800000000 - 0x00007ff800100000 	C:\Windows\System32\ucrtbase.dll
0x00007ffff4630000 - 0x00007ffff48ca000 	C:\Windows\WinSxS\amd64_microsoft.windows.common-controls_6595b64144ccf1df_6.0.19041.4355_none_60b8b9eb71f62e16\COMCTL32.dll
0x00007ff8003b0000 - 0x00007ff8003df000 	C:\Windows\System32\IMM32.DLL
0x000000006dc60000 - 0x000000006dd32000 	C:\Program Files\Java\jdk1.8.0_202\jre\bin\msvcr100.dll
0x000000006d3b0000 - 0x000000006dc55000 	C:\Program Files\Java\jdk1.8.0_202\jre\bin\server\jvm.dll
0x00007ff800ac0000 - 0x00007ff800ac8000 	C:\Windows\System32\PSAPI.DLL
0x00007ffff2bc0000 - 0x00007ffff2be7000 	C:\Windows\SYSTEM32\WINMM.dll
0x00007ffff2bb0000 - 0x00007ffff2bb9000 	C:\Windows\SYSTEM32\WSOCK32.dll
0x00007ffff9f00000 - 0x00007ffff9f0a000 	C:\Windows\SYSTEM32\VERSION.dll
0x00007ff8009d0000 - 0x00007ff800a3b000 	C:\Windows\System32\WS2_32.dll
0x00007fffcd060000 - 0x00007fffcd06f000 	C:\Program Files\Java\jdk1.8.0_202\jre\bin\verify.dll
0x00007fffc1280000 - 0x00007fffc12a9000 	C:\Program Files\Java\jdk1.8.0_202\jre\bin\java.dll
0x00007fffc7d20000 - 0x00007fffc7d36000 	C:\Program Files\Java\jdk1.8.0_202\jre\bin\zip.dll
0x00007ff801880000 - 0x00007ff801fef000 	C:\Windows\System32\SHELL32.dll
0x00007ffffd790000 - 0x00007ffffdf34000 	C:\Windows\SYSTEM32\windows.storage.dll
0x00007ff801200000 - 0x00007ff801553000 	C:\Windows\System32\combase.dll
0x00007fffff380000 - 0x00007fffff3ae000 	C:\Windows\SYSTEM32\Wldp.dll
0x00007ff802170000 - 0x00007ff80223d000 	C:\Windows\System32\OLEAUT32.dll
0x00007ff8008f0000 - 0x00007ff80099d000 	C:\Windows\System32\SHCORE.dll
0x00007ff801820000 - 0x00007ff801875000 	C:\Windows\System32\shlwapi.dll
0x00007fffff950000 - 0x00007fffff974000 	C:\Windows\SYSTEM32\profapi.dll
0x00007fffc1660000 - 0x00007fffc167a000 	C:\Program Files\Java\jdk1.8.0_202\jre\bin\net.dll
0x00007ffff4290000 - 0x00007ffff447c000 	C:\Windows\SYSTEM32\urlmon.dll
0x00007ffff2d10000 - 0x00007ffff2fce000 	C:\Windows\SYSTEM32\iertutil.dll
0x00007ffff2060000 - 0x00007ffff2088000 	C:\Windows\SYSTEM32\srvcli.dll
0x00007ffffeed0000 - 0x00007ffffeedc000 	C:\Windows\SYSTEM32\netutils.dll
0x00007fffff0e0000 - 0x00007fffff14a000 	C:\Windows\system32\mswsock.dll
0x00007ffffee00000 - 0x00007ffffeeca000 	C:\Windows\SYSTEM32\DNSAPI.dll
0x00007ffffedc0000 - 0x00007ffffedfb000 	C:\Windows\SYSTEM32\IPHLPAPI.DLL
0x00007ff8007b0000 - 0x00007ff8007b8000 	C:\Windows\System32\NSI.dll
0x00007ffff4d70000 - 0x00007ffff4d7a000 	C:\Windows\System32\rasadhlp.dll
0x00007ffff4f80000 - 0x00007ffff5000000 	C:\Windows\System32\fwpuclnt.dll
0x00007fffdf030000 - 0x00007fffdf054000 	C:\Program Files\Java\jdk1.8.0_202\jre\bin\sunec.dll
0x00007fffeae70000 - 0x00007fffeae7b000 	C:\Program Files\Java\jdk1.8.0_202\jre\bin\sunmscapi.dll
0x00007fffffab0000 - 0x00007fffffc0c000 	C:\Windows\System32\CRYPT32.dll
0x00007ffff6ae0000 - 0x00007ffff6af7000 	C:\Windows\SYSTEM32\dhcpcsvc6.DLL
0x00007ffff7150000 - 0x00007ffff716d000 	C:\Windows\SYSTEM32\dhcpcsvc.DLL
0x00007fffbdac0000 - 0x00007fffbdad2000 	C:\Program Files\Java\jdk1.8.0_202\jre\bin\nio.dll
0x00007fffff2e0000 - 0x00007fffff2f8000 	C:\Windows\SYSTEM32\CRYPTSP.dll
0x00007ffffea00000 - 0x00007ffffea34000 	C:\Windows\system32\rsaenh.dll
0x00007fffff910000 - 0x00007fffff93e000 	C:\Windows\SYSTEM32\USERENV.dll
0x00007fffffa20000 - 0x00007fffffaa2000 	C:\Windows\System32\bcryptprimitives.dll
0x00007fffff2d0000 - 0x00007fffff2dc000 	C:\Windows\SYSTEM32\CRYPTBASE.dll
0x00007fffeacf0000 - 0x00007fffead07000 	C:\Windows\system32\napinsp.dll
0x00007fffcfd40000 - 0x00007fffcfd5b000 	C:\Windows\system32\pnrpnsp.dll
0x00007ffffb2f0000 - 0x00007ffffb305000 	C:\Windows\system32\wshbth.dll
0x00007ffff8750000 - 0x00007ffff876d000 	C:\Windows\system32\NLAapi.dll
0x00007fffc8050000 - 0x00007fffc8062000 	C:\Windows\System32\winrnr.dll

VM Arguments:
jvm_args: -ea -Dfile.encoding=UTF-8 
java_command: org.eclipse.jdt.internal.junit.runner.RemoteTestRunner -version 3 -port 61510 -testLoaderClass org.eclipse.jdt.internal.junit4.runner.JUnit4TestLoader -loaderpluginname org.eclipse.jdt.junit4.runtime -test automatizado.Teste.EcommerceTeste:TC004_Venda_Multiplas_datas
java_class_path (initial): c:\Users\Gustavo Zanotto\Desktop\Importante\Teste de QA\Projetos\automatizado\target\test-classes;c:\Users\Gustavo Zanotto\Desktop\Importante\Teste de QA\Projetos\automatizado\target\classes;c:\Users\Gustavo Zanotto\.m2\repository\junit\junit\4.11\junit-4.11.jar;c:\Users\Gustavo Zanotto\.m2\repository\org\hamcrest\hamcrest-core\1.3\hamcrest-core-1.3.jar;c:\Users\Gustavo Zanotto\.m2\repository\org\seleniumhq\selenium\selenium-chrome-driver\3.141.59\selenium-chrome-driver-3.141.59.jar;c:\Users\Gustavo Zanotto\.m2\repository\org\seleniumhq\selenium\selenium-api\3.141.59\selenium-api-3.141.59.jar;c:\Users\Gustavo Zanotto\.m2\repository\org\seleniumhq\selenium\selenium-remote-driver\3.141.59\selenium-remote-driver-3.141.59.jar;c:\Users\Gustavo Zanotto\.m2\repository\net\bytebuddy\byte-buddy\1.8.15\byte-buddy-1.8.15.jar;c:\Users\Gustavo Zanotto\.m2\repository\org\apache\commons\commons-exec\1.3\commons-exec-1.3.jar;c:\Users\Gustavo Zanotto\.m2\repository\com\google\guava\guava\25.0-jre\guava-25.0-jre.jar;c:\Users\Gustavo Zanotto\.m2\repository\com\google\code\findbugs\jsr305\1.3.9\jsr305-1.3.9.jar;c:\Users\Gustavo Zanotto\.m2\repository\org\checkerframework\checker-compat-qual\2.0.0\checker-compat-qual-2.0.0.jar;c:\Users\Gustavo Zanotto\.m2\repository\com\google\errorprone\error_prone_annotations\2.1.3\error_prone_annotations-2.1.3.jar;c:\Users\Gustavo Zanotto\.m2\repository\com\google\j2objc\j2objc-annotations\1.1\j2objc-annotations-1.1.jar;c:\Users\Gustavo Zanotto\.m2\repository\org\codehaus\mojo\animal-sniffer-annotations\1.14\animal-sniffer-annotations-1.14.jar;c:\Users\Gustavo Zanotto\.m2\repository\com\squareup\okhttp3\okhttp\3.11.0\okhttp-3.11.0.jar;c:\Users\Gustavo Zanotto\.m2\repository\com\squareup\okio\okio\1.14.0\okio-1.14.0.jar;c:\Users\Gustavo Zanotto\.m2\repository\org\seleniumhq\selenium\selenium-support\3.141.59\selenium-support-3.141.59.jar;c:\Users\Gustavo Zanotto\AppData\Roaming\Code\User\globalStorage\redhat.java\1.35.1\co
Launcher Type: SUN_STANDARD

Environment Variables:
JAVA_HOME=C:\Program Files\Java\jdk1.8.0_202
PATH=C:\Program Files (x86)\Common Files\Oracle\Java\javapath;C:\Windows\system32;C:\Windows;C:\Windows\System32\Wbem;C:\Windows\System32\WindowsPowerShell\v1.0\;C:\Windows\System32\OpenSSH\;C:\Program Files\Java\jdk1.8.0_202\bin;C:\Users\Gustavo Zanotto\Desktop\Importante\Teste de QA\Arquivos\apache-maven-3.9.9\bin;C:\Users\Gustavo Zanotto\AppData\Local\Microsoft\WindowsApps;C:\Users\Gustavo Zanotto\AppData\Local\Programs\Microsoft VS Code\bin
USERNAME=Gustavo Zanotto
OS=Windows_NT
PROCESSOR_IDENTIFIER=Intel64 Family 6 Model 78 Stepping 3, GenuineIntel



---------------  S Y S T E M  ---------------

OS: Windows 10.0 , 64 bit Build 19041 (10.0.19041.4957)

CPU:total 4 (initial active 4) (2 cores per cpu, 2 threads per core) family 6 model 78 stepping 3, cmov, cx8, fxsr, mmx, sse, sse2, sse3, ssse3, sse4.1, sse4.2, popcnt, avx, avx2, aes, clmul, erms, 3dnowpref, lzcnt, ht, tsc, tscinvbit, bmi1, bmi2, adx

Memory: 4k page, physical 8251504k(59016k free), swap 33417328k(25344k free)

vm_info: Java HotSpot(TM) 64-Bit Server VM (25.202-b08) for windows-amd64 JRE (1.8.0_202-b08), built on Dec 15 2018 19:54:30 by "java_re" with MS VC++ 10.0 (VS2010)

time: Mon Oct 28 17:14:13 2024
timezone: Hora oficial do Brasil
elapsed time: 1857 seconds (0d 0h 30m 57s)

