#
# There is insufficient memory for the Java Runtime Environment to continue.
# Native memory allocation (malloc) failed to allocate 2832 bytes for AllocateHeap
# Possible reasons:
#   The system is out of physical RAM or swap space
#   The process is running with CompressedOops enabled, and the Java Heap may be blocking the growth of the native heap
# Possible solutions:
#   Reduce memory load on the system
#   Increase physical memory or swap space
#   Check if swap backing store is full
#   Decrease Java heap size (-Xmx/-Xms)
#   Decrease number of Java threads
#   Decrease Java thread stack sizes (-Xss)
#   Set larger code cache with -XX:ReservedCodeCacheSize=
#   JVM is running with Unscaled Compressed Oops mode in which the Java heap is
#     placed in the first 4GB address space. The Java Heap base address is the
#     maximum limit for the native heap growth. Please use -XX:HeapBaseMinAddress
#     to set the Java Heap base and to place the Java Heap above 4GB virtual address.
# This output file may be truncated or incomplete.
#
#  Out of Memory Error (memory/allocation.inline.hpp:61), pid=45440, tid=0x000000000000ab10
#
# JRE version: Java(TM) SE Runtime Environment (8.0_202-b08) (build 1.8.0_202-b08)
# Java VM: Java HotSpot(TM) 64-Bit Server VM (25.202-b08 mixed mode windows-amd64 compressed oops)
# Failed to write core dump. Minidumps are not enabled by default on client versions of Windows
#

---------------  T H R E A D  ---------------

Current thread (0x000000000249e800):  JavaThread "Forwarding findElement on session a7d15a2655a28f1e9a4d4073cc4ecd4a to remote" [_thread_in_Java, id=43792, stack(0x0000000002390000,0x0000000002490000)]

Stack: [0x0000000002390000,0x0000000002490000]
[error occurred during error reporting (printing stack bounds), id 0xe0000000]

Native frames: (J=compiled Java code, j=interpreted, Vv=VM code, C=native code)

Java frames: (J=compiled Java code, j=interpreted, Vv=VM code)
v  blob 0x00000000026957ba
J 3122 C2 com.google.common.collect.RegularImmutableMap.fromEntryArray(I[Ljava/util/Map$Entry;)Lcom/google/common/collect/ImmutableMap; (201 bytes) @ 0x0000000002b8a0e0 [0x0000000002b89860+0x880]
J 2070 C1 com.google.common.collect.ImmutableMap$Builder.build()Lcom/google/common/collect/ImmutableMap; (135 bytes) @ 0x00000000027890ec [0x00000000027888a0+0x84c]
J 2553 C1 org.openqa.selenium.json.JsonOutput.<init>(Ljava/lang/Appendable;)V (455 bytes) @ 0x0000000002d586fc [0x0000000002d4b900+0xcdfc]
J 2829 C1 org.openqa.selenium.json.Json.toJson(Ljava/lang/Object;)Ljava/lang/String; (203 bytes) @ 0x0000000002e5a10c [0x0000000002e59ce0+0x42c]
J 2582 C1 org.openqa.selenium.remote.http.AbstractHttpCommandCodec.encode(Lorg/openqa/selenium/remote/Command;)Lorg/openqa/selenium/remote/http/HttpRequest; (178 bytes) @ 0x0000000002d85254 [0x0000000002d84760+0xaf4]
J 2793 C1 org.openqa.selenium.remote.HttpCommandExecutor.execute(Lorg/openqa/selenium/remote/Command;)Lorg/openqa/selenium/remote/Response; (457 bytes) @ 0x0000000002e3fe84 [0x0000000002e3e2e0+0x1ba4]
J 2563 C1 org.openqa.selenium.remote.service.DriverCommandExecutor.execute(Lorg/openqa/selenium/remote/Command;)Lorg/openqa/selenium/remote/Response; (129 bytes) @ 0x0000000002d76dec [0x0000000002d76ba0+0x24c]
J 2561 C1 org.openqa.selenium.remote.RemoteWebDriver.execute(Ljava/lang/String;Ljava/util/Map;)Lorg/openqa/selenium/remote/Response; (406 bytes) @ 0x0000000002d6ce8c [0x0000000002d6be40+0x104c]
J 2961 C1 org.openqa.selenium.remote.RemoteWebDriver.findElement(Ljava/lang/String;Ljava/lang/String;)Lorg/openqa/selenium/WebElement; (120 bytes) @ 0x0000000002e98e24 [0x0000000002e98640+0x7e4]
J 2844 C1 org.openqa.selenium.remote.RemoteWebDriver.findElementByXPath(Ljava/lang/String;)Lorg/openqa/selenium/WebElement; (8 bytes) @ 0x0000000002e6a6c4 [0x0000000002e6a5c0+0x104]
J 2843 C1 org.openqa.selenium.By$ByXPath.findElement(Lorg/openqa/selenium/SearchContext;)Lorg/openqa/selenium/WebElement; (14 bytes) @ 0x00000000028481cc [0x0000000002847fc0+0x20c]
J 2842 C1 org.openqa.selenium.remote.RemoteWebDriver.findElement(Lorg/openqa/selenium/By;)Lorg/openqa/selenium/WebElement; (6 bytes) @ 0x00000000027ddacc [0x00000000027dd9c0+0x10c]
J 2656 C1 org.openqa.selenium.support.pagefactory.DefaultElementLocator.findElement()Lorg/openqa/selenium/WebElement; (47 bytes) @ 0x0000000002de867c [0x0000000002de84c0+0x1bc]
J 2655 C1 org.openqa.selenium.support.pagefactory.internal.LocatingElementHandler.invoke(Ljava/lang/Object;Ljava/lang/reflect/Method;[Ljava/lang/Object;)Ljava/lang/Object; (88 bytes) @ 0x0000000002de8c14 [0x0000000002de8b40+0xd4]
J 2669 C1 com.sun.proxy.$Proxy5.isDisplayed()Z (32 bytes) @ 0x0000000002dee154 [0x0000000002dee020+0x134]
J 2680 C1 automatizado.Builder.EcommerceBuilder$$Lambda$244.apply(Ljava/lang/Object;)Ljava/lang/Object; (12 bytes) @ 0x0000000002df49f4 [0x0000000002df47a0+0x254]
j  org.openqa.selenium.support.ui.FluentWait.until(Ljava/util/function/Function;)Ljava/lang/Object;+20
j  automatizado.Builder.EcommerceBuilder.multiplasdatas(Lorg/openqa/selenium/WebDriver;)V+19
j  automatizado.Teste.EcommerceTeste.TC004_Venda_Multiplas_datas()V+80
v  ~StubRoutines::call_stub
j  sun.reflect.NativeMethodAccessorImpl.invoke0(Ljava/lang/reflect/Method;Ljava/lang/Object;[Ljava/lang/Object;)Ljava/lang/Object;+0
j  sun.reflect.NativeMethodAccessorImpl.invoke(Ljava/lang/Object;[Ljava/lang/Object;)Ljava/lang/Object;+100
j  sun.reflect.DelegatingMethodAccessorImpl.invoke(Ljava/lang/Object;[Ljava/lang/Object;)Ljava/lang/Object;+6
j  java.lang.reflect.Method.invoke(Ljava/lang/Object;[Ljava/lang/Object;)Ljava/lang/Object;+56
j  org.junit.runners.model.FrameworkMethod$1.runReflectiveCall()Ljava/lang/Object;+15
j  org.junit.internal.runners.model.ReflectiveCallable.run()Ljava/lang/Object;+1
j  org.junit.runners.model.FrameworkMethod.invokeExplosively(Ljava/lang/Object;[Ljava/lang/Object;)Ljava/lang/Object;+10
j  org.junit.internal.runners.statements.InvokeMethod.evaluate()V+12
j  org.junit.runners.ParentRunner.runLeaf(Lorg/junit/runners/model/Statement;Lorg/junit/runner/Description;Lorg/junit/runner/notification/RunNotifier;)V+17
j  org.junit.runners.BlockJUnit4ClassRunner.runChild(Lorg/junit/runners/model/FrameworkMethod;Lorg/junit/runner/notification/RunNotifier;)V+32
j  org.junit.runners.BlockJUnit4ClassRunner.runChild(Ljava/lang/Object;Lorg/junit/runner/notification/RunNotifier;)V+6
j  org.junit.runners.ParentRunner$3.run()V+12
j  org.junit.runners.ParentRunner$1.schedule(Ljava/lang/Runnable;)V+1
j  org.junit.runners.ParentRunner.runChildren(Lorg/junit/runner/notification/RunNotifier;)V+40
j  org.junit.runners.ParentRunner.access$000(Lorg/junit/runners/ParentRunner;Lorg/junit/runner/notification/RunNotifier;)V+2
j  org.junit.runners.ParentRunner$2.evaluate()V+8
j  org.junit.runners.ParentRunner.run(Lorg/junit/runner/notification/RunNotifier;)V+20
j  org.eclipse.jdt.internal.junit4.runner.JUnit4TestReference.run(Lorg/eclipse/jdt/internal/junit/runner/TestExecution;)V+72
j  org.eclipse.jdt.internal.junit.runner.TestExecution.run([Lorg/eclipse/jdt/internal/junit/runner/ITestReference;)V+27
j  org.eclipse.jdt.internal.junit.runner.RemoteTestRunner.runTests([Ljava/lang/String;Ljava/lang/String;Lorg/eclipse/jdt/internal/junit/runner/TestExecution;)V+62
j  org.eclipse.jdt.internal.junit.runner.RemoteTestRunner.runTests(Lorg/eclipse/jdt/internal/junit/runner/TestExecution;)V+10
j  org.eclipse.jdt.internal.junit.runner.RemoteTestRunner.run()V+70
j  org.eclipse.jdt.internal.junit.runner.RemoteTestRunner.main([Ljava/lang/String;)V+14
v  ~StubRoutines::call_stub

---------------  P R O C E S S  ---------------

Java Threads: ( => current thread )
  0x0000000018c2b800 JavaThread "Okio Watchdog" daemon [_thread_blocked, id=46604, stack(0x000000001a9f0000,0x000000001aaf0000)]
  0x0000000019574000 JavaThread "OkHttp ConnectionPool" daemon [_thread_blocked, id=22252, stack(0x000000001a8f0000,0x000000001a9f0000)]
  0x00000000195aa800 JavaThread "Exec Stream Pumper" daemon [_thread_in_native, id=43200, stack(0x000000001a2f0000,0x000000001a3f0000)]
  0x0000000019498800 JavaThread "Exec Stream Pumper" daemon [_thread_in_native, id=42912, stack(0x000000001a1f0000,0x000000001a2f0000)]
  0x0000000019495000 JavaThread "Exec Default Executor" daemon [_thread_in_native, id=46144, stack(0x0000000019ef0000,0x0000000019ff0000)]
  0x0000000018b8c000 JavaThread "ReaderThread" [_thread_in_Java, id=47088, stack(0x00000000190b0000,0x00000000191b0000)]
  0x000000001719c000 JavaThread "Service Thread" daemon [_thread_blocked, id=46612, stack(0x0000000018eb0000,0x0000000018fb0000)]
  0x00000000189b8800 JavaThread "C1 CompilerThread2" daemon [_thread_blocked, id=47540, stack(0x0000000018db0000,0x0000000018eb0000)]
  0x000000001714b000 JavaThread "C2 CompilerThread1" daemon [_thread_blocked, id=48104, stack(0x00000000188b0000,0x00000000189b0000)]
  0x0000000017149000 JavaThread "C2 CompilerThread0" daemon [_thread_blocked, id=46256, stack(0x00000000187b0000,0x00000000188b0000)]
  0x0000000017147000 JavaThread "Attach Listener" daemon [_thread_blocked, id=47692, stack(0x00000000186b0000,0x00000000187b0000)]
  0x0000000017146000 JavaThread "Signal Dispatcher" daemon [_thread_blocked, id=41580, stack(0x00000000185b0000,0x00000000186b0000)]
  0x0000000002646000 JavaThread "Finalizer" daemon [_thread_blocked, id=30760, stack(0x00000000183a0000,0x00000000184a0000)]
  0x0000000002643000 JavaThread "Reference Handler" daemon [_thread_blocked, id=46292, stack(0x00000000182a0000,0x00000000183a0000)]
=>0x000000000249e800 JavaThread "Forwarding findElement on session a7d15a2655a28f1e9a4d4073cc4ecd4a to remote" [_thread_in_Java, id=43792, stack(0x0000000002390000,0x0000000002490000)]

Other Threads:
  0x0000000017107000 VMThread [stack: 0x00000000181a0000,0x00000000182a0000] [id=47480]
  0x00000000189cc800 WatcherThread [stack: 0x0000000018fb0000,0x00000000190b0000] [id=47344]

VM state:not at safepoint (normal execution)

VM Mutex/Monitor currently owned by a thread: None

heap address: 0x0000000082000000, size: 2016 MB, Compressed Oops mode: 32-bit
Narrow klass base: 0x0000000000000000, Narrow klass shift: 3
Compressed class space size: 1073741824 Address: 0x0000000100000000

Heap:
 PSYoungGen      total 681984K, used 93260K [0x00000000d6000000, 0x00000000fff80000, 0x0000000100000000)
  eden space 676352K, 13% used [0x00000000d6000000,0x00000000dbafb210,0x00000000ff480000)
  from space 5632K, 1% used [0x00000000ffa00000,0x00000000ffa18000,0x00000000fff80000)
  to   space 5632K, 0% used [0x00000000ff480000,0x00000000ff480000,0x00000000ffa00000)
 ParOldGen       total 86016K, used 5830K [0x0000000082000000, 0x0000000087400000, 0x00000000d6000000)
  object space 86016K, 6% used [0x0000000082000000,0x00000000825b1bf0,0x0000000087400000)
 Metaspace       used 15828K, capacity 16642K, committed 16768K, reserved 1064960K
  class space    used 1882K, capacity 2085K, committed 2176K, reserved 1048576K

Card table byte_map: [0x0000000011a10000,0x0000000011e10000] byte_map_base: 0x0000000011600000

Marking Bits: (ParMarkBitMap*) 0x000000006dbd5ce0
 Begin Bits: [0x00000000124b0000, 0x0000000014430000)
 End Bits:   [0x0000000014430000, 0x00000000163b0000)

Polling page: 0x0000000000bc0000

CodeCache: size=245760Kb used=8714Kb max_used=8728Kb free=237045Kb
 bounds [0x0000000002650000, 0x0000000002ef0000, 0x0000000011650000]
 total_blobs=3064 nmethods=2662 adapters=314
 compilation: enabled

Compilation events (10 events):
Event: 787.074 Thread 0x0000000017149000 3118       4       java.lang.AbstractStringBuilder::append (62 bytes)
Event: 787.327 Thread 0x0000000017149000 nmethod 3118 0x0000000002ee0650 code [0x0000000002ee07c0, 0x0000000002ee1398]
Event: 792.726 Thread 0x000000001714b000 3119       4       java.lang.NoSuchMethodException::<init> (6 bytes)
Event: 792.740 Thread 0x000000001714b000 nmethod 3119 0x0000000002ba0950 code [0x0000000002ba0aa0, 0x0000000002ba0e08]
Event: 795.402 Thread 0x0000000017149000 3120       4       java.lang.Class::checkMemberAccess (49 bytes)
Event: 796.855 Thread 0x0000000017149000 nmethod 3120 0x0000000002b98710 code [0x0000000002b98840, 0x0000000002b988d8]
Event: 800.979 Thread 0x0000000017149000 3121       4       com.google.common.collect.RegularImmutableMap::fromEntryArray (201 bytes)
Event: 801.321 Thread 0x0000000017149000 nmethod 3121 0x0000000002dcbed0 code [0x0000000002dcc0a0, 0x0000000002dcca98]
Event: 840.814 Thread 0x000000001714b000 3122       4       com.google.common.collect.RegularImmutableMap::fromEntryArray (201 bytes)
Event: 841.095 Thread 0x000000001714b000 nmethod 3122 0x0000000002b89690 code [0x0000000002b89860, 0x0000000002b8a298]

GC Heap History (10 events):
Event: 525.263 GC heap before
{Heap before GC invocations=18 (full 0):
 PSYoungGen      total 544768K, used 537696K [0x00000000d6000000, 0x00000000f7b00000, 0x0000000100000000)
  eden space 537600K, 100% used [0x00000000d6000000,0x00000000f6d00000,0x00000000f6d00000)
  from space 7168K, 1% used [0x00000000f6d00000,0x00000000f6d18000,0x00000000f7400000)
  to   space 6656K, 0% used [0x00000000f7480000,0x00000000f7480000,0x00000000f7b00000)
 ParOldGen       total 86016K, used 5758K [0x0000000082000000, 0x0000000087400000, 0x00000000d6000000)
  object space 86016K, 6% used [0x0000000082000000,0x000000008259fbf0,0x0000000087400000)
 Metaspace       used 15702K, capacity 16486K, committed 16768K, reserved 1064960K
  class space    used 1882K, capacity 2085K, committed 2176K, reserved 1048576K
Event: 529.906 GC heap after
Heap after GC invocations=18 (full 0):
 PSYoungGen      total 544256K, used 128K [0x00000000d6000000, 0x00000000f7b00000, 0x0000000100000000)
  eden space 537600K, 0% used [0x00000000d6000000,0x00000000d6000000,0x00000000f6d00000)
  from space 6656K, 1% used [0x00000000f7480000,0x00000000f74a0000,0x00000000f7b00000)
  to   space 7168K, 0% used [0x00000000f6d00000,0x00000000f6d00000,0x00000000f7400000)
 ParOldGen       total 86016K, used 5766K [0x0000000082000000, 0x0000000087400000, 0x00000000d6000000)
  object space 86016K, 6% used [0x0000000082000000,0x00000000825a1bf0,0x0000000087400000)
 Metaspace       used 15702K, capacity 16486K, committed 16768K, reserved 1064960K
  class space    used 1882K, capacity 2085K, committed 2176K, reserved 1048576K
}
Event: 610.184 GC heap before
{Heap before GC invocations=19 (full 0):
 PSYoungGen      total 544256K, used 537728K [0x00000000d6000000, 0x00000000f7b00000, 0x0000000100000000)
  eden space 537600K, 100% used [0x00000000d6000000,0x00000000f6d00000,0x00000000f6d00000)
  from space 6656K, 1% used [0x00000000f7480000,0x00000000f74a0000,0x00000000f7b00000)
  to   space 7168K, 0% used [0x00000000f6d00000,0x00000000f6d00000,0x00000000f7400000)
 ParOldGen       total 86016K, used 5766K [0x0000000082000000, 0x0000000087400000, 0x00000000d6000000)
  object space 86016K, 6% used [0x0000000082000000,0x00000000825a1bf0,0x0000000087400000)
 Metaspace       used 15823K, capacity 16642K, committed 16768K, reserved 1064960K
  class space    used 1882K, capacity 2085K, committed 2176K, reserved 1048576K
Event: 611.281 GC heap after
Heap after GC invocations=19 (full 0):
 PSYoungGen      total 544768K, used 96K [0x00000000d6000000, 0x00000000fff80000, 0x0000000100000000)
  eden space 537600K, 0% used [0x00000000d6000000,0x00000000d6000000,0x00000000f6d00000)
  from space 7168K, 1% used [0x00000000f6d00000,0x00000000f6d18000,0x00000000f7400000)
  to   space 6656K, 0% used [0x00000000ff900000,0x00000000ff900000,0x00000000fff80000)
 ParOldGen       total 86016K, used 5782K [0x0000000082000000, 0x0000000087400000, 0x00000000d6000000)
  object space 86016K, 6% used [0x0000000082000000,0x00000000825a5bf0,0x0000000087400000)
 Metaspace       used 15823K, capacity 16642K, committed 16768K, reserved 1064960K
  class space    used 1882K, capacity 2085K, committed 2176K, reserved 1048576K
}
Event: 684.329 GC heap before
{Heap before GC invocations=20 (full 0):
 PSYoungGen      total 544768K, used 537696K [0x00000000d6000000, 0x00000000fff80000, 0x0000000100000000)
  eden space 537600K, 100% used [0x00000000d6000000,0x00000000f6d00000,0x00000000f6d00000)
  from space 7168K, 1% used [0x00000000f6d00000,0x00000000f6d18000,0x00000000f7400000)
  to   space 6656K, 0% used [0x00000000ff900000,0x00000000ff900000,0x00000000fff80000)
 ParOldGen       total 86016K, used 5782K [0x0000000082000000, 0x0000000087400000, 0x00000000d6000000)
  object space 86016K, 6% used [0x0000000082000000,0x00000000825a5bf0,0x0000000087400000)
 Metaspace       used 15826K, capacity 16642K, committed 16768K, reserved 1064960K
  class space    used 1882K, capacity 2085K, committed 2176K, reserved 1048576K
Event: 684.712 GC heap after
Heap after GC invocations=20 (full 0):
 PSYoungGen      total 679936K, used 96K [0x00000000d6000000, 0x00000000ffe80000, 0x0000000100000000)
  eden space 674304K, 0% used [0x00000000d6000000,0x00000000d6000000,0x00000000ff280000)
  from space 5632K, 1% used [0x00000000ff900000,0x00000000ff918000,0x00000000ffe80000)
  to   space 6144K, 0% used [0x00000000ff280000,0x00000000ff280000,0x00000000ff880000)
 ParOldGen       total 86016K, used 5806K [0x0000000082000000, 0x0000000087400000, 0x00000000d6000000)
  object space 86016K, 6% used [0x0000000082000000,0x00000000825abbf0,0x0000000087400000)
 Metaspace       used 15826K, capacity 16642K, committed 16768K, reserved 1064960K
  class space    used 1882K, capacity 2085K, committed 2176K, reserved 1048576K
}
Event: 748.093 GC heap before
{Heap before GC invocations=21 (full 0):
 PSYoungGen      total 679936K, used 674400K [0x00000000d6000000, 0x00000000ffe80000, 0x0000000100000000)
  eden space 674304K, 100% used [0x00000000d6000000,0x00000000ff280000,0x00000000ff280000)
  from space 5632K, 1% used [0x00000000ff900000,0x00000000ff918000,0x00000000ffe80000)
  to   space 6144K, 0% used [0x00000000ff280000,0x00000000ff280000,0x00000000ff880000)
 ParOldGen       total 86016K, used 5806K [0x0000000082000000, 0x0000000087400000, 0x00000000d6000000)
  object space 86016K, 6% used [0x0000000082000000,0x00000000825abbf0,0x0000000087400000)
 Metaspace       used 15826K, capacity 16642K, committed 16768K, reserved 1064960K
  class space    used 1882K, capacity 2085K, committed 2176K, reserved 1048576K
Event: 748.843 GC heap after
Heap after GC invocations=21 (full 0):
 PSYoungGen      total 680448K, used 64K [0x00000000d6000000, 0x00000000fff80000, 0x0000000100000000)
  eden space 674304K, 0% used [0x00000000d6000000,0x00000000d6000000,0x00000000ff280000)
  from space 6144K, 1% used [0x00000000ff280000,0x00000000ff290000,0x00000000ff880000)
  to   space 5632K, 0% used [0x00000000ffa00000,0x00000000ffa00000,0x00000000fff80000)
 ParOldGen       total 86016K, used 5814K [0x0000000082000000, 0x0000000087400000, 0x00000000d6000000)
  object space 86016K, 6% used [0x0000000082000000,0x00000000825adbf0,0x0000000087400000)
 Metaspace       used 15826K, capacity 16642K, committed 16768K, reserved 1064960K
  class space    used 1882K, capacity 2085K, committed 2176K, reserved 1048576K
}
Event: 818.634 GC heap before
{Heap before GC invocations=22 (full 0):
 PSYoungGen      total 680448K, used 674368K [0x00000000d6000000, 0x00000000fff80000, 0x0000000100000000)
  eden space 674304K, 100% used [0x00000000d6000000,0x00000000ff280000,0x00000000ff280000)
  from space 6144K, 1% used [0x00000000ff280000,0x00000000ff290000,0x00000000ff880000)
  to   space 5632K, 0% used [0x00000000ffa00000,0x00000000ffa00000,0x00000000fff80000)
 ParOldGen       total 86016K, used 5814K [0x0000000082000000, 0x0000000087400000, 0x00000000d6000000)
  object space 86016K, 6% used [0x0000000082000000,0x00000000825adbf0,0x0000000087400000)
 Metaspace       used 15828K, capacity 16642K, committed 16768K, reserved 1064960K
  class space    used 1882K, capacity 2085K, committed 2176K, reserved 1048576K
Event: 820.078 GC heap after
Heap after GC invocations=22 (full 0):
 PSYoungGen      total 681984K, used 96K [0x00000000d6000000, 0x00000000fff80000, 0x0000000100000000)
  eden space 676352K, 0% used [0x00000000d6000000,0x00000000d6000000,0x00000000ff480000)
  from space 5632K, 1% used [0x00000000ffa00000,0x00000000ffa18000,0x00000000fff80000)
  to   space 5632K, 0% used [0x00000000ff480000,0x00000000ff480000,0x00000000ffa00000)
 ParOldGen       total 86016K, used 5830K [0x0000000082000000, 0x0000000087400000, 0x00000000d6000000)
  object space 86016K, 6% used [0x0000000082000000,0x00000000825b1bf0,0x0000000087400000)
 Metaspace       used 15828K, capacity 16642K, committed 16768K, reserved 1064960K
  class space    used 1882K, capacity 2085K, committed 2176K, reserved 1048576K
}

Deoptimization events (10 events):
Event: 22.481 Thread 0x000000000249e800 Uncommon trap: reason=bimorphic action=maybe_recompile pc=0x00000000029cf824 method=java.util.HashMap.putVal(ILjava/lang/Object;Ljava/lang/Object;ZZ)Ljava/lang/Object; @ 203
Event: 22.481 Thread 0x000000000249e800 Uncommon trap: reason=bimorphic action=maybe_recompile pc=0x00000000029cf824 method=java.util.HashMap.putVal(ILjava/lang/Object;Ljava/lang/Object;ZZ)Ljava/lang/Object; @ 203
Event: 22.482 Thread 0x000000000249e800 Uncommon trap: reason=bimorphic action=maybe_recompile pc=0x00000000029cf824 method=java.util.HashMap.putVal(ILjava/lang/Object;Ljava/lang/Object;ZZ)Ljava/lang/Object; @ 203
Event: 22.482 Thread 0x000000000249e800 Uncommon trap: reason=bimorphic action=maybe_recompile pc=0x000000000296b5d0 method=java.util.HashMap.putVal(ILjava/lang/Object;Ljava/lang/Object;ZZ)Ljava/lang/Object; @ 203
Event: 186.775 Thread 0x000000000249e800 Uncommon trap: reason=class_check action=maybe_recompile pc=0x0000000002dc0574 method=java.util.stream.AbstractPipeline.wrapAndCopyInto(Ljava/util/stream/Sink;Ljava/util/Spliterator;)Ljava/util/stream/Sink; @ 6
Event: 186.775 Thread 0x000000000249e800 Uncommon trap: reason=class_check action=maybe_recompile pc=0x0000000002dc0574 method=java.util.stream.AbstractPipeline.wrapAndCopyInto(Ljava/util/stream/Sink;Ljava/util/Spliterator;)Ljava/util/stream/Sink; @ 6
Event: 186.775 Thread 0x000000000249e800 Uncommon trap: reason=class_check action=maybe_recompile pc=0x0000000002dc0574 method=java.util.stream.AbstractPipeline.wrapAndCopyInto(Ljava/util/stream/Sink;Ljava/util/Spliterator;)Ljava/util/stream/Sink; @ 6
Event: 186.775 Thread 0x000000000249e800 Uncommon trap: reason=class_check action=maybe_recompile pc=0x0000000002dc0574 method=java.util.stream.AbstractPipeline.wrapAndCopyInto(Ljava/util/stream/Sink;Ljava/util/Spliterator;)Ljava/util/stream/Sink; @ 6
Event: 801.617 Thread 0x000000000249e800 Uncommon trap: reason=predicate action=maybe_recompile pc=0x0000000002dcc94c method=com.google.common.collect.RegularImmutableMap.fromEntryArray(I[Ljava/util/Map$Entry;)Lcom/google/common/collect/ImmutableMap; @ 62
Event: 842.656 Thread 0x000000000249e800 Uncommon trap: reason=array_check action=maybe_recompile pc=0x0000000002b8a0e0 method=com.google.common.collect.RegularImmutableMap.fromEntryArray(I[Ljava/util/Map$Entry;)Lcom/google/common/collect/ImmutableMap; @ 157

Classes redefined (0 events):
No events

Internal exceptions (10 events):
Event: 811.162 Thread 0x000000000249e800 Exception <a 'java/net/SocketTimeoutException': Read timed out> (0x00000000fd65e190) thrown at [C:\re\workspace\8-2-build-windows-amd64-cygwin\jdk8u202\12323\hotspot\src\share\vm\prims\jni.cpp, line 736]
Event: 811.783 Thread 0x000000000249e800 Exception <a 'java/net/SocketTimeoutException': Read timed out> (0x00000000fd68be30) thrown at [C:\re\workspace\8-2-build-windows-amd64-cygwin\jdk8u202\12323\hotspot\src\share\vm\prims\jni.cpp, line 736]
Event: 812.378 Thread 0x000000000249e800 Exception <a 'java/net/SocketTimeoutException': Read timed out> (0x00000000fe3864b0) thrown at [C:\re\workspace\8-2-build-windows-amd64-cygwin\jdk8u202\12323\hotspot\src\share\vm\prims\jni.cpp, line 736]
Event: 812.923 Thread 0x000000000249e800 Exception <a 'java/net/SocketTimeoutException': Read timed out> (0x00000000fe3b4150) thrown at [C:\re\workspace\8-2-build-windows-amd64-cygwin\jdk8u202\12323\hotspot\src\share\vm\prims\jni.cpp, line 736]
Event: 814.445 Thread 0x000000000249e800 Exception <a 'java/net/SocketTimeoutException': Read timed out> (0x00000000fe3e1f38) thrown at [C:\re\workspace\8-2-build-windows-amd64-cygwin\jdk8u202\12323\hotspot\src\share\vm\prims\jni.cpp, line 736]
Event: 815.849 Thread 0x000000000249e800 Exception <a 'java/net/SocketTimeoutException': Read timed out> (0x00000000fe40fbd8) thrown at [C:\re\workspace\8-2-build-windows-amd64-cygwin\jdk8u202\12323\hotspot\src\share\vm\prims\jni.cpp, line 736]
Event: 821.287 Thread 0x000000000249e800 Exception <a 'java/net/SocketTimeoutException': Read timed out> (0x00000000d602d490) thrown at [C:\re\workspace\8-2-build-windows-amd64-cygwin\jdk8u202\12323\hotspot\src\share\vm\prims\jni.cpp, line 736]
Event: 826.199 Thread 0x000000000249e800 Exception <a 'java/net/SocketTimeoutException': Read timed out> (0x00000000d86e82b0) thrown at [C:\re\workspace\8-2-build-windows-amd64-cygwin\jdk8u202\12323\hotspot\src\share\vm\prims\jni.cpp, line 736]
Event: 840.829 Thread 0x000000000249e800 Exception <a 'java/net/SocketTimeoutException': Read timed out> (0x00000000d8715f50) thrown at [C:\re\workspace\8-2-build-windows-amd64-cygwin\jdk8u202\12323\hotspot\src\share\vm\prims\jni.cpp, line 736]
Event: 841.996 Thread 0x000000000249e800 Exception <a 'java/net/SocketTimeoutException': Read timed out> (0x00000000dadd0138) thrown at [C:\re\workspace\8-2-build-windows-amd64-cygwin\jdk8u202\12323\hotspot\src\share\vm\prims\jni.cpp, line 736]

Events (10 events):
Event: 759.806 Thread 0x00000000189b8800 flushing nmethod 0x0000000002dc9310
Event: 759.806 Thread 0x00000000189b8800 flushing nmethod 0x0000000002dcaa50
Event: 759.806 Thread 0x00000000189b8800 flushing nmethod 0x0000000002dd4d10
Event: 801.615 Thread 0x000000000249e800 Uncommon trap: trap_request=0xffffff86 fr.pc=0x0000000002dcc94c
Event: 801.618 Thread 0x000000000249e800 DEOPT PACKING pc=0x0000000002dcc94c sp=0x000000000248d700
Event: 801.618 Thread 0x000000000249e800 DEOPT UNPACKING pc=0x000000000269583b sp=0x000000000248d6a0 mode 2
Event: 818.192 Executing VM operation: ParallelGCFailedAllocation
Event: 820.081 Executing VM operation: ParallelGCFailedAllocation done
Event: 842.649 Thread 0x000000000249e800 Uncommon trap: trap_request=0xffffffd6 fr.pc=0x0000000002b8a0e0
Event: 842.686 Thread 0x000000000249e800 DEOPT PACKING pc=0x0000000002b8a0e0 sp=0x000000000248d6f0


Dynamic libraries:
0x00007ff6a7180000 - 0x00007ff6a71b7000 	C:\Program Files\Java\jdk1.8.0_202\bin\java.exe
0x00007ff802390000 - 0x00007ff802588000 	C:\Windows\SYSTEM32\ntdll.dll
0x00007ff800540000 - 0x00007ff800602000 	C:\Windows\System32\KERNEL32.DLL
0x00007fffffcf0000 - 0x00007ffffffee000 	C:\Windows\System32\KERNELBASE.dll
0x00007ff8003e0000 - 0x00007ff800492000 	C:\Windows\System32\ADVAPI32.dll
0x00007ff801ff0000 - 0x00007ff80208e000 	C:\Windows\System32\msvcrt.dll
0x00007ff8004a0000 - 0x00007ff800540000 	C:\Windows\System32\sechost.dll
0x00007ff8007c0000 - 0x00007ff8008e3000 	C:\Windows\System32\RPCRT4.dll
0x00007fffffcc0000 - 0x00007fffffce7000 	C:\Windows\System32\bcrypt.dll
0x00007ff800610000 - 0x00007ff8007ad000 	C:\Windows\System32\USER32.dll
0x00007ff800100000 - 0x00007ff800122000 	C:\Windows\System32\win32u.dll
0x00007ff8009a0000 - 0x00007ff8009cb000 	C:\Windows\System32\GDI32.dll
0x00007ff8001a0000 - 0x00007ff8002b7000 	C:\Windows\System32\gdi32full.dll
0x00007ff8002c0000 - 0x00007ff80035d000 	C:\Windows\System32\msvcp_win.dll
0x00007ff800000000 - 0x00007ff800100000 	C:\Windows\System32\ucrtbase.dll
0x00007ffff4630000 - 0x00007ffff48ca000 	C:\Windows\WinSxS\amd64_microsoft.windows.common-controls_6595b64144ccf1df_6.0.19041.4355_none_60b8b9eb71f62e16\COMCTL32.dll
0x00007ff8003b0000 - 0x00007ff8003df000 	C:\Windows\System32\IMM32.DLL
0x000000006dc60000 - 0x000000006dd32000 	C:\Program Files\Java\jdk1.8.0_202\jre\bin\msvcr100.dll
0x000000006d3b0000 - 0x000000006dc55000 	C:\Program Files\Java\jdk1.8.0_202\jre\bin\server\jvm.dll
0x00007ff800ac0000 - 0x00007ff800ac8000 	C:\Windows\System32\PSAPI.DLL
0x00007ffff2bb0000 - 0x00007ffff2bb9000 	C:\Windows\SYSTEM32\WSOCK32.dll
0x00007ffff2bc0000 - 0x00007ffff2be7000 	C:\Windows\SYSTEM32\WINMM.dll
0x00007ff8009d0000 - 0x00007ff800a3b000 	C:\Windows\System32\WS2_32.dll
0x00007ffff9f00000 - 0x00007ffff9f0a000 	C:\Windows\SYSTEM32\VERSION.dll
0x00007fffcd060000 - 0x00007fffcd06f000 	C:\Program Files\Java\jdk1.8.0_202\jre\bin\verify.dll
0x00007fffc1280000 - 0x00007fffc12a9000 	C:\Program Files\Java\jdk1.8.0_202\jre\bin\java.dll
0x00007fffc7d20000 - 0x00007fffc7d36000 	C:\Program Files\Java\jdk1.8.0_202\jre\bin\zip.dll
0x00007ff801880000 - 0x00007ff801fef000 	C:\Windows\System32\SHELL32.dll
0x00007ffffd790000 - 0x00007ffffdf34000 	C:\Windows\SYSTEM32\windows.storage.dll
0x00007ff801200000 - 0x00007ff801553000 	C:\Windows\System32\combase.dll
0x00007fffff380000 - 0x00007fffff3ae000 	C:\Windows\SYSTEM32\Wldp.dll
0x00007ff802170000 - 0x00007ff80223d000 	C:\Windows\System32\OLEAUT32.dll
0x00007ff8008f0000 - 0x00007ff80099d000 	C:\Windows\System32\SHCORE.dll
0x00007ff801820000 - 0x00007ff801875000 	C:\Windows\System32\shlwapi.dll
0x00007fffff950000 - 0x00007fffff974000 	C:\Windows\SYSTEM32\profapi.dll
0x00007fffc1660000 - 0x00007fffc167a000 	C:\Program Files\Java\jdk1.8.0_202\jre\bin\net.dll
0x00007ffff4290000 - 0x00007ffff447c000 	C:\Windows\SYSTEM32\urlmon.dll
0x00007ffff2d10000 - 0x00007ffff2fce000 	C:\Windows\SYSTEM32\iertutil.dll
0x00007ffff2060000 - 0x00007ffff2088000 	C:\Windows\SYSTEM32\srvcli.dll
0x00007ffffeed0000 - 0x00007ffffeedc000 	C:\Windows\SYSTEM32\netutils.dll
0x00007fffff0e0000 - 0x00007fffff14a000 	C:\Windows\system32\mswsock.dll
0x00007ffffee00000 - 0x00007ffffeeca000 	C:\Windows\SYSTEM32\DNSAPI.dll
0x00007ffffedc0000 - 0x00007ffffedfb000 	C:\Windows\SYSTEM32\IPHLPAPI.DLL
0x00007ff8007b0000 - 0x00007ff8007b8000 	C:\Windows\System32\NSI.dll
0x00007ffff4d70000 - 0x00007ffff4d7a000 	C:\Windows\System32\rasadhlp.dll
0x00007ffff4f80000 - 0x00007ffff5000000 	C:\Windows\System32\fwpuclnt.dll
0x00007fffdf030000 - 0x00007fffdf054000 	C:\Program Files\Java\jdk1.8.0_202\jre\bin\sunec.dll
0x00007fffeae70000 - 0x00007fffeae7b000 	C:\Program Files\Java\jdk1.8.0_202\jre\bin\sunmscapi.dll
0x00007fffffab0000 - 0x00007fffffc0c000 	C:\Windows\System32\CRYPT32.dll
0x00007ffff6ae0000 - 0x00007ffff6af7000 	C:\Windows\SYSTEM32\dhcpcsvc6.DLL
0x00007ffff7150000 - 0x00007ffff716d000 	C:\Windows\SYSTEM32\dhcpcsvc.DLL
0x00007fffbdac0000 - 0x00007fffbdad2000 	C:\Program Files\Java\jdk1.8.0_202\jre\bin\nio.dll
0x00007fffff2e0000 - 0x00007fffff2f8000 	C:\Windows\SYSTEM32\CRYPTSP.dll
0x00007ffffea00000 - 0x00007ffffea34000 	C:\Windows\system32\rsaenh.dll
0x00007fffff910000 - 0x00007fffff93e000 	C:\Windows\SYSTEM32\USERENV.dll
0x00007fffffa20000 - 0x00007fffffaa2000 	C:\Windows\System32\bcryptprimitives.dll
0x00007fffff2d0000 - 0x00007fffff2dc000 	C:\Windows\SYSTEM32\CRYPTBASE.dll
0x00007fffeacf0000 - 0x00007fffead07000 	C:\Windows\system32\napinsp.dll
0x00007fffcfd40000 - 0x00007fffcfd5b000 	C:\Windows\system32\pnrpnsp.dll
0x00007ffffb2f0000 - 0x00007ffffb305000 	C:\Windows\system32\wshbth.dll
0x00007ffff8750000 - 0x00007ffff876d000 	C:\Windows\system32\NLAapi.dll
0x00007fffc8050000 - 0x00007fffc8062000 	C:\Windows\System32\winrnr.dll

VM Arguments:
jvm_args: -ea -Dfile.encoding=UTF-8 
java_command: org.eclipse.jdt.internal.junit.runner.RemoteTestRunner -version 3 -port 62963 -testLoaderClass org.eclipse.jdt.internal.junit4.runner.JUnit4TestLoader -loaderpluginname org.eclipse.jdt.junit4.runtime -test automatizado.Teste.EcommerceTeste:TC004_Venda_Multiplas_datas
java_class_path (initial): c:\Users\Gustavo Zanotto\Desktop\Importante\Teste de QA\Projetos\automatizado\target\test-classes;c:\Users\Gustavo Zanotto\Desktop\Importante\Teste de QA\Projetos\automatizado\target\classes;c:\Users\Gustavo Zanotto\.m2\repository\junit\junit\4.11\junit-4.11.jar;c:\Users\Gustavo Zanotto\.m2\repository\org\hamcrest\hamcrest-core\1.3\hamcrest-core-1.3.jar;c:\Users\Gustavo Zanotto\.m2\repository\org\seleniumhq\selenium\selenium-chrome-driver\3.141.59\selenium-chrome-driver-3.141.59.jar;c:\Users\Gustavo Zanotto\.m2\repository\org\seleniumhq\selenium\selenium-api\3.141.59\selenium-api-3.141.59.jar;c:\Users\Gustavo Zanotto\.m2\repository\org\seleniumhq\selenium\selenium-remote-driver\3.141.59\selenium-remote-driver-3.141.59.jar;c:\Users\Gustavo Zanotto\.m2\repository\net\bytebuddy\byte-buddy\1.8.15\byte-buddy-1.8.15.jar;c:\Users\Gustavo Zanotto\.m2\repository\org\apache\commons\commons-exec\1.3\commons-exec-1.3.jar;c:\Users\Gustavo Zanotto\.m2\repository\com\google\guava\guava\25.0-jre\guava-25.0-jre.jar;c:\Users\Gustavo Zanotto\.m2\repository\com\google\code\findbugs\jsr305\1.3.9\jsr305-1.3.9.jar;c:\Users\Gustavo Zanotto\.m2\repository\org\checkerframework\checker-compat-qual\2.0.0\checker-compat-qual-2.0.0.jar;c:\Users\Gustavo Zanotto\.m2\repository\com\google\errorprone\error_prone_annotations\2.1.3\error_prone_annotations-2.1.3.jar;c:\Users\Gustavo Zanotto\.m2\repository\com\google\j2objc\j2objc-annotations\1.1\j2objc-annotations-1.1.jar;c:\Users\Gustavo Zanotto\.m2\repository\org\codehaus\mojo\animal-sniffer-annotations\1.14\animal-sniffer-annotations-1.14.jar;c:\Users\Gustavo Zanotto\.m2\repository\com\squareup\okhttp3\okhttp\3.11.0\okhttp-3.11.0.jar;c:\Users\Gustavo Zanotto\.m2\repository\com\squareup\okio\okio\1.14.0\okio-1.14.0.jar;c:\Users\Gustavo Zanotto\.m2\repository\org\seleniumhq\selenium\selenium-support\3.141.59\selenium-support-3.141.59.jar;c:\Users\Gustavo Zanotto\AppData\Roaming\Code\User\globalStorage\redhat.java\1.35.1\co
Launcher Type: SUN_STANDARD

Environment Variables:
JAVA_HOME=C:\Program Files\Java\jdk1.8.0_202
PATH=C:\Program Files (x86)\Common Files\Oracle\Java\javapath;C:\Windows\system32;C:\Windows;C:\Windows\System32\Wbem;C:\Windows\System32\WindowsPowerShell\v1.0\;C:\Windows\System32\OpenSSH\;C:\Program Files\Java\jdk1.8.0_202\bin;C:\Users\Gustavo Zanotto\Desktop\Importante\Teste de QA\Arquivos\apache-maven-3.9.9\bin;C:\Users\Gustavo Zanotto\AppData\Local\Microsoft\WindowsApps;C:\Users\Gustavo Zanotto\AppData\Local\Programs\Microsoft VS Code\bin
USERNAME=Gustavo Zanotto
OS=Windows_NT
PROCESSOR_IDENTIFIER=Intel64 Family 6 Model 78 Stepping 3, GenuineIntel



---------------  S Y S T E M  ---------------

OS: Windows 10.0 , 64 bit Build 19041 (10.0.19041.4957)

CPU:total 4 (initial active 4) (2 cores per cpu, 2 threads per core) family 6 model 78 stepping 3, cmov, cx8, fxsr, mmx, sse, sse2, sse3, ssse3, sse4.1, sse4.2, popcnt, avx, avx2, aes, clmul, erms, 3dnowpref, lzcnt, ht, tsc, tscinvbit, bmi1, bmi2, adx

Memory: 4k page, physical 8251504k(292744k free), swap 33417328k(26104k free)

vm_info: Java HotSpot(TM) 64-Bit Server VM (25.202-b08) for windows-amd64 JRE (1.8.0_202-b08), built on Dec 15 2018 19:54:30 by "java_re" with MS VC++ 10.0 (VS2010)

time: Mon Oct 28 17:14:14 2024
timezone: Hora oficial do Brasil
elapsed time: 850 seconds (0d 0h 14m 10s)

